[2021-12-22 17:54:56,835] {taskinstance.py:1035} INFO - Dependencies all met for <TaskInstance: data_pipeline1.delete_past_images scheduled__2021-12-20T00:42:00+00:00 [queued]>
[2021-12-22 17:54:56,840] {taskinstance.py:1035} INFO - Dependencies all met for <TaskInstance: data_pipeline1.delete_past_images scheduled__2021-12-20T00:42:00+00:00 [queued]>
[2021-12-22 17:54:56,840] {taskinstance.py:1241} INFO - 
--------------------------------------------------------------------------------
[2021-12-22 17:54:56,840] {taskinstance.py:1242} INFO - Starting attempt 1 of 4
[2021-12-22 17:54:56,840] {taskinstance.py:1243} INFO - 
--------------------------------------------------------------------------------
[2021-12-22 17:54:56,849] {taskinstance.py:1262} INFO - Executing <Task(BashOperator): delete_past_images> on 2021-12-20 00:42:00+00:00
[2021-12-22 17:54:56,853] {standard_task_runner.py:52} INFO - Started process 37461 to run task
[2021-12-22 17:54:56,857] {standard_task_runner.py:76} INFO - Running: ['airflow', 'tasks', 'run', 'data_pipeline1', 'delete_past_images', 'scheduled__2021-12-20T00:42:00+00:00', '--job-id', '243', '--raw', '--subdir', '/home/myamya/project/dockers/airflow/dags/hello_world.py', '--cfg-path', '/tmp/tmpe9u0vpom', '--error-file', '/tmp/tmp0tyi8drl']
[2021-12-22 17:54:56,858] {standard_task_runner.py:77} INFO - Job 243: Subtask delete_past_images
[2021-12-22 17:54:56,875] {logging_mixin.py:109} INFO - Running <TaskInstance: data_pipeline1.delete_past_images scheduled__2021-12-20T00:42:00+00:00 [running]> on host myamya
[2021-12-22 17:54:56,901] {taskinstance.py:1412} INFO - Exporting the following env vars:
AIRFLOW_CTX_DAG_OWNER=yangjae
AIRFLOW_CTX_DAG_ID=data_pipeline1
AIRFLOW_CTX_TASK_ID=delete_past_images
AIRFLOW_CTX_EXECUTION_DATE=2021-12-20T00:42:00+00:00
AIRFLOW_CTX_DAG_RUN_ID=scheduled__2021-12-20T00:42:00+00:00
[2021-12-22 17:54:56,901] {subprocess.py:62} INFO - Tmp dir root location: 
 /tmp
[2021-12-22 17:54:56,902] {subprocess.py:74} INFO - Running command: ['bash', '-c', '/bin/bash /home/myamya/project/image_files/delete.sh ']
[2021-12-22 17:54:56,906] {subprocess.py:85} INFO - Output:
[2021-12-22 17:54:56,910] {subprocess.py:89} INFO - deleted
[2021-12-22 17:54:56,910] {subprocess.py:93} INFO - Command exited with return code 0
[2021-12-22 17:54:56,922] {taskinstance.py:1270} INFO - Marking task as SUCCESS. dag_id=data_pipeline1, task_id=delete_past_images, execution_date=20211220T004200, start_date=20211222T085456, end_date=20211222T085456
[2021-12-22 17:54:56,948] {local_task_job.py:154} INFO - Task exited with return code 0
[2021-12-22 17:54:56,958] {local_task_job.py:264} INFO - 0 downstream tasks scheduled from follow-on schedule check
