[2021-12-22 17:08:16,082] {taskinstance.py:1035} INFO - Dependencies all met for <TaskInstance: data_pipeline1.move_file scheduled__2021-12-20T00:03:00+00:00 [queued]>
[2021-12-22 17:08:16,086] {taskinstance.py:1035} INFO - Dependencies all met for <TaskInstance: data_pipeline1.move_file scheduled__2021-12-20T00:03:00+00:00 [queued]>
[2021-12-22 17:08:16,086] {taskinstance.py:1241} INFO - 
--------------------------------------------------------------------------------
[2021-12-22 17:08:16,086] {taskinstance.py:1242} INFO - Starting attempt 1 of 4
[2021-12-22 17:08:16,086] {taskinstance.py:1243} INFO - 
--------------------------------------------------------------------------------
[2021-12-22 17:08:16,095] {taskinstance.py:1262} INFO - Executing <Task(BashOperator): move_file> on 2021-12-20 00:03:00+00:00
[2021-12-22 17:08:16,097] {standard_task_runner.py:52} INFO - Started process 11556 to run task
[2021-12-22 17:08:16,099] {standard_task_runner.py:76} INFO - Running: ['airflow', 'tasks', 'run', 'data_pipeline1', 'move_file', 'scheduled__2021-12-20T00:03:00+00:00', '--job-id', '42', '--raw', '--subdir', '/home/myamya/project/dockers/airflow/dags/hello_world.py', '--cfg-path', '/tmp/tmp8f352iy4', '--error-file', '/tmp/tmpsbbsqov6']
[2021-12-22 17:08:16,099] {standard_task_runner.py:77} INFO - Job 42: Subtask move_file
[2021-12-22 17:08:16,117] {logging_mixin.py:109} INFO - Running <TaskInstance: data_pipeline1.move_file scheduled__2021-12-20T00:03:00+00:00 [running]> on host myamya
[2021-12-22 17:08:16,141] {taskinstance.py:1412} INFO - Exporting the following env vars:
AIRFLOW_CTX_DAG_OWNER=yangjae
AIRFLOW_CTX_DAG_ID=data_pipeline1
AIRFLOW_CTX_TASK_ID=move_file
AIRFLOW_CTX_EXECUTION_DATE=2021-12-20T00:03:00+00:00
AIRFLOW_CTX_DAG_RUN_ID=scheduled__2021-12-20T00:03:00+00:00
[2021-12-22 17:08:16,142] {subprocess.py:62} INFO - Tmp dir root location: 
 /tmp
[2021-12-22 17:08:16,142] {subprocess.py:74} INFO - Running command: ['bash', '-c', 'cp /home/myamya/project/image_files/cropped_512_image/* /home/myamya/project/images/real/ | cp /home/myamya/project/image_files/sketched2/* /home/myamya/project/images/sketch/']
[2021-12-22 17:08:16,146] {subprocess.py:85} INFO - Output:
[2021-12-22 17:08:16,148] {subprocess.py:93} INFO - Command exited with return code 0
[2021-12-22 17:08:16,160] {taskinstance.py:1270} INFO - Marking task as SUCCESS. dag_id=data_pipeline1, task_id=move_file, execution_date=20211220T000300, start_date=20211222T080816, end_date=20211222T080816
[2021-12-22 17:08:16,190] {local_task_job.py:154} INFO - Task exited with return code 0
[2021-12-22 17:08:16,205] {local_task_job.py:264} INFO - 1 downstream tasks scheduled from follow-on schedule check
