[2021-12-21 22:32:04,690] {taskinstance.py:1035} INFO - Dependencies all met for <TaskInstance: data_pipeline.sketch scheduled__2021-12-19T00:00:00+00:00 [queued]>
[2021-12-21 22:32:04,695] {taskinstance.py:1035} INFO - Dependencies all met for <TaskInstance: data_pipeline.sketch scheduled__2021-12-19T00:00:00+00:00 [queued]>
[2021-12-21 22:32:04,695] {taskinstance.py:1241} INFO - 
--------------------------------------------------------------------------------
[2021-12-21 22:32:04,695] {taskinstance.py:1242} INFO - Starting attempt 1 of 4
[2021-12-21 22:32:04,695] {taskinstance.py:1243} INFO - 
--------------------------------------------------------------------------------
[2021-12-21 22:32:04,704] {taskinstance.py:1262} INFO - Executing <Task(BashOperator): sketch> on 2021-12-19 00:00:00+00:00
[2021-12-21 22:32:04,705] {standard_task_runner.py:52} INFO - Started process 97771 to run task
[2021-12-21 22:32:04,707] {standard_task_runner.py:76} INFO - Running: ['airflow', 'tasks', 'run', 'data_pipeline', 'sketch', 'scheduled__2021-12-19T00:00:00+00:00', '--job-id', '91', '--raw', '--subdir', '/home/myamya/project/dockers/airflow/dags/hello_world.py', '--cfg-path', '/tmp/tmpg14remgq', '--error-file', '/tmp/tmpjokttw8g']
[2021-12-21 22:32:04,707] {standard_task_runner.py:77} INFO - Job 91: Subtask sketch
[2021-12-21 22:32:04,724] {logging_mixin.py:109} INFO - Running <TaskInstance: data_pipeline.sketch scheduled__2021-12-19T00:00:00+00:00 [running]> on host myamya
[2021-12-21 22:32:04,747] {taskinstance.py:1412} INFO - Exporting the following env vars:
AIRFLOW_CTX_DAG_OWNER=yangjae
AIRFLOW_CTX_DAG_ID=data_pipeline
AIRFLOW_CTX_TASK_ID=sketch
AIRFLOW_CTX_EXECUTION_DATE=2021-12-19T00:00:00+00:00
AIRFLOW_CTX_DAG_RUN_ID=scheduled__2021-12-19T00:00:00+00:00
[2021-12-21 22:32:04,748] {subprocess.py:62} INFO - Tmp dir root location: 
 /tmp
[2021-12-21 22:32:04,748] {subprocess.py:74} INFO - Running command: ['bash', '-c', 'docker run -it -v /home/myamya/project/image_files/:/home/myamya/project/image_files/ sketch:0.4 /bin/bash /home/myamya/project/init.sh ']
[2021-12-21 22:32:04,751] {subprocess.py:85} INFO - Output:
[2021-12-21 22:32:34,551] {subprocess.py:93} INFO - Command exited with return code 0
[2021-12-21 22:32:34,581] {taskinstance.py:1270} INFO - Marking task as SUCCESS. dag_id=data_pipeline, task_id=sketch, execution_date=20211219T000000, start_date=20211221T133204, end_date=20211221T133234
[2021-12-21 22:32:34,603] {local_task_job.py:154} INFO - Task exited with return code 0
[2021-12-21 22:32:34,618] {local_task_job.py:264} INFO - 1 downstream tasks scheduled from follow-on schedule check
