[2021-12-21 22:22:07,119] {taskinstance.py:1035} INFO - Dependencies all met for <TaskInstance: data_pipeline.face_crop scheduled__2021-12-19T00:01:00+00:00 [queued]>
[2021-12-21 22:22:07,124] {taskinstance.py:1035} INFO - Dependencies all met for <TaskInstance: data_pipeline.face_crop scheduled__2021-12-19T00:01:00+00:00 [queued]>
[2021-12-21 22:22:07,125] {taskinstance.py:1241} INFO - 
--------------------------------------------------------------------------------
[2021-12-21 22:22:07,125] {taskinstance.py:1242} INFO - Starting attempt 4 of 4
[2021-12-21 22:22:07,125] {taskinstance.py:1243} INFO - 
--------------------------------------------------------------------------------
[2021-12-21 22:22:07,134] {taskinstance.py:1262} INFO - Executing <Task(BashOperator): face_crop> on 2021-12-19 00:01:00+00:00
[2021-12-21 22:22:07,135] {standard_task_runner.py:52} INFO - Started process 95078 to run task
[2021-12-21 22:22:07,137] {standard_task_runner.py:76} INFO - Running: ['airflow', 'tasks', 'run', 'data_pipeline', 'face_crop', 'scheduled__2021-12-19T00:01:00+00:00', '--job-id', '67', '--raw', '--subdir', '/home/myamya/project/dockers/airflow/dags/hello_world.py', '--cfg-path', '/tmp/tmpkuidpbab', '--error-file', '/tmp/tmpz1or4tg1']
[2021-12-21 22:22:07,138] {standard_task_runner.py:77} INFO - Job 67: Subtask face_crop
[2021-12-21 22:22:07,156] {logging_mixin.py:109} INFO - Running <TaskInstance: data_pipeline.face_crop scheduled__2021-12-19T00:01:00+00:00 [running]> on host myamya
[2021-12-21 22:22:07,174] {taskinstance.py:1412} INFO - Exporting the following env vars:
AIRFLOW_CTX_DAG_OWNER=yangjae
AIRFLOW_CTX_DAG_ID=data_pipeline
AIRFLOW_CTX_TASK_ID=face_crop
AIRFLOW_CTX_EXECUTION_DATE=2021-12-19T00:01:00+00:00
AIRFLOW_CTX_DAG_RUN_ID=scheduled__2021-12-19T00:01:00+00:00
[2021-12-21 22:22:07,175] {subprocess.py:62} INFO - Tmp dir root location: 
 /tmp
[2021-12-21 22:22:07,175] {subprocess.py:74} INFO - Running command: ['bash', '-c', 'docker run -it -v /home/myamya/project/image_files/:/home/myamya/project/image_files/ google_api:0.8 /bin/bash init.sh ']
[2021-12-21 22:22:07,179] {subprocess.py:85} INFO - Output:
[2021-12-21 22:22:07,894] {subprocess.py:89} INFO - 0
[2021-12-21 22:22:07,894] {subprocess.py:89} INFO - 2
[2021-12-21 22:22:07,894] {subprocess.py:89} INFO - 3
[2021-12-21 22:22:07,894] {subprocess.py:89} INFO - @@ /home/myamya/project/image_files/images/5.jpeg
[2021-12-21 22:22:08,957] {subprocess.py:89} INFO - [Info] /home/myamya/project/image_files/images/5.jpeg: Find face from in position [36, 29, 153, 166] and skew angle [0.54361933, 0.06943509, -1.6302923]
[2021-12-21 22:22:08,986] {subprocess.py:89} INFO - [Info]  /home/myamya/project/image_files/images/5.jpeg: Crop face [36, 29, 153, 166] and write it to file : /home/myamya/project/image_files/cropped_image/5.jpeg
[2021-12-21 22:22:08,987] {subprocess.py:89} INFO - training 1
[2021-12-21 22:22:08,987] {subprocess.py:89} INFO - @@ /home/myamya/project/image_files/images/2248.jpg
[2021-12-21 22:22:09,620] {subprocess.py:89} INFO - [Error] /home/myamya/project/image_files/images/2248.jpg: cannot process file : 'y'
[2021-12-21 22:22:09,620] {subprocess.py:89} INFO - @@ /home/myamya/project/image_files/images/2.jpg
[2021-12-21 22:22:10,063] {subprocess.py:89} INFO - [Error] /home/myamya/project/image_files/images/2.jpg: cannot process file : 'y'
[2021-12-21 22:22:10,063] {subprocess.py:89} INFO - @@ /home/myamya/project/image_files/images/2247.jpg
[2021-12-21 22:22:10,498] {subprocess.py:89} INFO - [Error] /home/myamya/project/image_files/images/2247.jpg: cannot process file : 'y'
[2021-12-21 22:22:10,498] {subprocess.py:89} INFO - @@ /home/myamya/project/image_files/images/4.jpeg
[2021-12-21 22:22:11,173] {subprocess.py:89} INFO - [Info] /home/myamya/project/image_files/images/4.jpeg: Find face from in position [142, 34, 496, 446] and skew angle [1.2299427, 1.4541144, -8.644277]
[2021-12-21 22:22:11,334] {subprocess.py:89} INFO - [Info]  /home/myamya/project/image_files/images/4.jpeg: Crop face [142, 34, 496, 446] and write it to file : /home/myamya/project/image_files/cropped_image/4.jpeg
[2021-12-21 22:22:11,334] {subprocess.py:89} INFO - training 2
[2021-12-21 22:22:11,334] {subprocess.py:89} INFO - @@ /home/myamya/project/image_files/images/1.jpeg
[2021-12-21 22:22:11,980] {subprocess.py:89} INFO - [Info] /home/myamya/project/image_files/images/1.jpeg: Find face from in position [133, 48, 844, 875] and skew angle [-0.20883362, 0.14810006, -3.5433183]
[2021-12-21 22:22:12,314] {subprocess.py:89} INFO - [Info]  /home/myamya/project/image_files/images/1.jpeg: Crop face [133, 48, 844, 875] and write it to file : /home/myamya/project/image_files/cropped_image/1.jpeg
[2021-12-21 22:22:12,314] {subprocess.py:89} INFO - training 3
[2021-12-21 22:22:12,314] {subprocess.py:89} INFO - @@ /home/myamya/project/image_files/images/2255.jpg
[2021-12-21 22:22:12,771] {subprocess.py:89} INFO - [Error] /home/myamya/project/image_files/images/2255.jpg: cannot process file : 'y'
[2021-12-21 22:22:12,771] {subprocess.py:89} INFO - @@ /home/myamya/project/image_files/images/2251.jpg
[2021-12-21 22:22:13,226] {subprocess.py:89} INFO - [Error] /home/myamya/project/image_files/images/2251.jpg: cannot process file : 'y'
[2021-12-21 22:22:13,226] {subprocess.py:89} INFO - @@ /home/myamya/project/image_files/images/3.jpg
[2021-12-21 22:22:13,932] {subprocess.py:89} INFO - [Error] /home/myamya/project/image_files/images/3.jpg: cannot process file : 'y'
[2021-12-21 22:22:13,933] {subprocess.py:89} INFO - @@ /home/myamya/project/image_files/images/2256.jpg
[2021-12-21 22:22:14,491] {subprocess.py:89} INFO - [Error] /home/myamya/project/image_files/images/2256.jpg: cannot process file : 'y'
[2021-12-21 22:22:14,491] {subprocess.py:89} INFO - @@ /home/myamya/project/image_files/images/6.jpg
[2021-12-21 22:22:15,061] {subprocess.py:89} INFO - [Info] /home/myamya/project/image_files/images/6.jpg: Find face from in position [171, 19, 364, 244] and skew angle [0.48682502, 0.76570255, -7.8090253]
[2021-12-21 22:22:15,218] {subprocess.py:89} INFO - [Info]  /home/myamya/project/image_files/images/6.jpg: Crop face [171, 19, 364, 244] and write it to file : /home/myamya/project/image_files/cropped_image/6.jpg
[2021-12-21 22:22:15,218] {subprocess.py:89} INFO - training 4
[2021-12-21 22:22:15,218] {subprocess.py:89} INFO - @@ /home/myamya/project/image_files/images/2249.jpg
[2021-12-21 22:22:15,669] {subprocess.py:89} INFO - [Error] /home/myamya/project/image_files/images/2249.jpg: cannot process file : 'y'
[2021-12-21 22:22:15,669] {subprocess.py:89} INFO - @@ /home/myamya/project/image_files/images/2245.jpg
[2021-12-21 22:22:16,122] {subprocess.py:89} INFO - [Error] /home/myamya/project/image_files/images/2245.jpg: cannot process file : 'y'
[2021-12-21 22:22:16,122] {subprocess.py:89} INFO - @@ /home/myamya/project/image_files/images/2253.jpg
[2021-12-21 22:22:16,677] {subprocess.py:89} INFO - [Error] /home/myamya/project/image_files/images/2253.jpg: cannot process file : 'y'
[2021-12-21 22:22:16,678] {subprocess.py:89} INFO - @@ /home/myamya/project/image_files/images/2254.jpg
[2021-12-21 22:22:17,159] {subprocess.py:89} INFO - [Error] /home/myamya/project/image_files/images/2254.jpg: cannot process file : 'y'
[2021-12-21 22:22:17,159] {subprocess.py:89} INFO - @@ /home/myamya/project/image_files/images/2252.jpg
[2021-12-21 22:22:17,656] {subprocess.py:89} INFO - [Error] /home/myamya/project/image_files/images/2252.jpg: cannot process file : 'y'
[2021-12-21 22:22:17,656] {subprocess.py:89} INFO - @@ /home/myamya/project/image_files/images/2250.jpg
[2021-12-21 22:22:18,170] {subprocess.py:89} INFO - [Error] /home/myamya/project/image_files/images/2250.jpg: cannot process file : 'y'
[2021-12-21 22:22:18,170] {subprocess.py:89} INFO - @@ /home/myamya/project/image_files/images/1.jpg
[2021-12-21 22:22:18,643] {subprocess.py:89} INFO - [Error] /home/myamya/project/image_files/images/1.jpg: cannot process file : 'y'
[2021-12-21 22:22:18,643] {subprocess.py:89} INFO - @@ /home/myamya/project/image_files/images/2246.jpg
[2021-12-21 22:22:19,122] {subprocess.py:89} INFO - [Error] /home/myamya/project/image_files/images/2246.jpg: cannot process file : 'y'
[2021-12-21 22:22:19,122] {subprocess.py:89} INFO - ## label 1 has 4 of training data
[2021-12-21 22:22:19,123] {subprocess.py:89} INFO - number of datas per label  [4, 0, 0, 0, 0, 0, 0, 0, 0, 0, 0, 0, 0, 0, 0, 0, 0, 0, 0, 0, 0, 0, 0, 0, 0, 0, 0, 0, 0, 0, 0, 0, 0, 0, 0, 0, 0, 0, 0, 0, 0, 0, 0, 0, 0, 0, 0, 0, 0, 0, 0, 0, 0, 0, 0, 0, 0, 0, 0, 0, 0, 0, 0, 0, 0, 0, 0, 0, 0, 0, 0, 0, 0, 0, 0, 0, 0, 0, 0, 0, 0, 0, 0, 0, 0, 0, 0, 0, 0, 0, 0, 0, 0, 0, 0, 0, 0, 0, 0, 0, 0, 0, 0, 0, 0, 0, 0, 0, 0, 0, 0, 0, 0, 0, 0, 0, 0, 0, 0, 0, 0, 0, 0, 0, 0, 0, 0, 0, 0, 0, 0, 0, 0, 0, 0, 0, 0, 0, 0, 0, 0, 0, 0, 0, 0, 0, 0, 0, 0, 0, 0, 0, 0, 0, 0, 0, 0, 0, 0, 0, 0, 0, 0, 0, 0, 0, 0, 0, 0, 0, 0, 0, 0, 0, 0, 0, 0, 0, 0, 0, 0, 0, 0, 0, 0, 0, 0, 0, 0, 0, 0, 0, 0, 0, 0, 0, 0, 0, 0, 0, 0, 0, 0, 0, 0, 0, 0, 0, 0, 0, 0, 0, 0, 0, 0, 0, 0, 0, 0, 0, 0, 0, 0, 0, 0, 0, 0, 0, 0, 0, 0, 0, 0, 0, 0, 0, 0, 0, 0, 0, 0, 0, 0, 0, 0, 0, 0, 0, 0, 0, 0, 0, 0, 0, 0, 0, 0, 0, 0, 0, 0, 0, 0, 0, 0, 0, 0, 0, 0, 0, 0, 0, 0, 0, 0, 0, 0, 0, 0, 0, 0, 0, 0, 0, 0, 0, 0, 0, 0, 0, 0, 0, 0, 0, 0, 0, 0, 0, 0, 0, 0, 0, 0, 0, 0, 0, 0, 0, 0, 0, 0, 0, 0, 0, 0, 0, 0, 0, 0, 0, 0, 0, 0, 0, 0, 0, 0, 0, 0, 0, 0, 0, 0, 0, 0, 0, 0, 0, 0, 0, 0, 0, 0, 0, 0, 0, 0, 0, 0, 0, 0, 0, 0, 0, 0, 0, 0, 0, 0, 0, 0, 0, 0, 0, 0, 0, 0, 0, 0, 0, 0, 0, 0, 0, 0, 0, 0, 0, 0, 0, 0, 0, 0, 0, 0, 0, 0, 0, 0, 0, 0, 0, 0, 0, 0, 0, 0, 0, 0, 0, 0, 0, 0, 0, 0, 0, 0, 0, 0, 0, 0, 0, 0, 0, 0, 0, 0, 0, 0, 0, 0, 0, 0, 0, 0, 0, 0, 0, 0, 0, 0, 0, 0, 0, 0, 0, 0, 0, 0, 0, 0, 0, 0, 0, 0, 0, 0, 0, 0, 0, 0, 0, 0, 0, 0, 0, 0, 0, 0, 0, 0, 0, 0, 0, 0, 0, 0, 0, 0, 0, 0, 0, 0, 0, 0, 0, 0, 0, 0, 0, 0, 0, 0, 0, 0, 0, 0, 0, 0, 0, 0, 0, 0, 0, 0, 0, 0, 0, 0, 0, 0, 0, 0, 0, 0, 0, 0, 0, 0, 0, 0, 0, 0, 0, 0, 0, 0, 0, 0, 0, 0, 0, 0, 0, 0, 0, 0, 0, 0, 0, 0, 0, 0, 0, 0, 0, 0, 0, 0, 0, 0, 0, 0, 0, 0, 0, 0, 0, 0, 0, 0, 0, 0, 0, 0, 0, 0, 0, 0, 0, 0, 0, 0, 0, 0, 0, 0, 0, 0, 0, 0, 0, 0, 0, 0, 0, 0, 0, 0, 0, 0, 0, 0, 0, 0, 0, 0, 0, 0, 0, 0, 0, 0, 0, 0, 0, 0, 0, 0, 0, 0, 0, 0, 0, 0, 0, 0, 0, 0, 0, 0, 0, 0, 0, 0, 0, 0, 0, 0, 0, 0, 0, 0, 0, 0, 0, 0, 0, 0, 0, 0, 0, 0, 0, 0, 0, 0, 0, 0, 0, 0, 0, 0, 0, 0, 0, 0, 0, 0, 0, 0, 0, 0, 0, 0, 0, 0, 0, 0, 0, 0, 0, 0, 0, 0, 0, 0, 0, 0, 0, 0, 0, 0, 0, 0, 0, 0, 0, 0, 0, 0, 0, 0, 0, 0, 0, 0, 0, 0, 0, 0, 0, 0, 0, 0, 0, 0, 0, 0, 0, 0, 0, 0, 0, 0, 0, 0, 0, 0, 0, 0, 0, 0, 0, 0, 0, 0, 0, 0, 0, 0, 0, 0, 0, 0, 0, 0, 0, 0, 0, 0, 0, 0, 0, 0, 0, 0, 0, 0, 0, 0, 0, 0, 0, 0, 0, 0, 0, 0, 0, 0, 0, 0, 0, 0, 0, 0, 0, 0, 0, 0, 0, 0, 0, 0, 0, 0, 0, 0, 0, 0, 0, 0, 0, 0, 0, 0, 0, 0, 0, 0, 0, 0, 0, 0, 0, 0, 0, 0, 0, 0, 0, 0, 0, 0, 0, 0, 0, 0, 0, 0, 0, 0, 0, 0, 0, 0, 0, 0, 0, 0, 0, 0, 0, 0, 0, 0, 0, 0, 0, 0, 0, 0, 0, 0, 0, 0, 0, 0, 0, 0, 0, 0, 0, 0, 0, 0, 0, 0, 0, 0, 0, 0, 0, 0, 0, 0, 0, 0, 0, 0, 0, 0, 0, 0, 0, 0, 0, 0, 0, 0, 0, 0, 0, 0, 0, 0, 0, 0, 0, 0, 0, 0, 0, 0, 0, 0, 0, 0, 0, 0, 0, 0, 0, 0, 0, 0, 0, 0, 0, 0, 0, 0, 0, 0, 0, 0, 0, 0, 0, 0, 0, 0, 0, 0, 0, 0, 0, 0, 0, 0, 0, 0, 0, 0, 0, 0, 0, 0, 0, 0, 0, 0, 0, 0, 0, 0, 0, 0, 0, 0, 0, 0, 0, 0, 0, 0, 0, 0, 0, 0, 0, 0, 0, 0, 0, 0, 0, 0, 0, 0, 0, 0, 0, 0, 0, 0, 0, 0, 0, 0, 0, 0, 0, 0, 0, 0, 0, 0, 0, 0, 0, 0, 0, 0, 0, 0, 0, 0, 0, 0, 0, 0, 0, 0, 0, 0, 0, 0, 0, 0, 0, 0, 0, 0, 0, 0, 0, 0, 0]
[2021-12-21 22:22:19,388] {subprocess.py:93} INFO - Command exited with return code 0
[2021-12-21 22:22:19,402] {taskinstance.py:1270} INFO - Marking task as SUCCESS. dag_id=data_pipeline, task_id=face_crop, execution_date=20211219T000100, start_date=20211221T132207, end_date=20211221T132219
[2021-12-21 22:22:19,424] {local_task_job.py:154} INFO - Task exited with return code 0
[2021-12-21 22:22:19,451] {local_task_job.py:264} INFO - 1 downstream tasks scheduled from follow-on schedule check
