[2021-12-22 21:19:59,579] {taskinstance.py:1035} INFO - Dependencies all met for <TaskInstance: data_pipeline1.sketch scheduled__2021-12-20T00:54:00+00:00 [queued]>
[2021-12-22 21:19:59,583] {taskinstance.py:1035} INFO - Dependencies all met for <TaskInstance: data_pipeline1.sketch scheduled__2021-12-20T00:54:00+00:00 [queued]>
[2021-12-22 21:19:59,583] {taskinstance.py:1241} INFO - 
--------------------------------------------------------------------------------
[2021-12-22 21:19:59,583] {taskinstance.py:1242} INFO - Starting attempt 2 of 5
[2021-12-22 21:19:59,583] {taskinstance.py:1243} INFO - 
--------------------------------------------------------------------------------
[2021-12-22 21:19:59,591] {taskinstance.py:1262} INFO - Executing <Task(BashOperator): sketch> on 2021-12-20 00:54:00+00:00
[2021-12-22 21:19:59,593] {standard_task_runner.py:52} INFO - Started process 48872 to run task
[2021-12-22 21:19:59,594] {standard_task_runner.py:76} INFO - Running: ['airflow', 'tasks', 'run', 'data_pipeline1', 'sketch', 'scheduled__2021-12-20T00:54:00+00:00', '--job-id', '349', '--raw', '--subdir', '/home/myamya/project/dockers/airflow/dags/hello_world.py', '--cfg-path', '/tmp/tmpmx4zkzn8', '--error-file', '/tmp/tmphda4isu4']
[2021-12-22 21:19:59,595] {standard_task_runner.py:77} INFO - Job 349: Subtask sketch
[2021-12-22 21:19:59,612] {logging_mixin.py:109} INFO - Running <TaskInstance: data_pipeline1.sketch scheduled__2021-12-20T00:54:00+00:00 [running]> on host myamya
[2021-12-22 21:19:59,649] {taskinstance.py:1412} INFO - Exporting the following env vars:
AIRFLOW_CTX_DAG_OWNER=yangjae
AIRFLOW_CTX_DAG_ID=data_pipeline1
AIRFLOW_CTX_TASK_ID=sketch
AIRFLOW_CTX_EXECUTION_DATE=2021-12-20T00:54:00+00:00
AIRFLOW_CTX_DAG_RUN_ID=scheduled__2021-12-20T00:54:00+00:00
[2021-12-22 21:19:59,650] {subprocess.py:62} INFO - Tmp dir root location: 
 /tmp
[2021-12-22 21:19:59,650] {subprocess.py:74} INFO - Running command: ['bash', '-c', 'docker run -it -v /home/myamya/project/image_files/:/home/myamya/project/image_files/ sketch:0.4 /bin/bash /home/myamya/project/init.sh ']
[2021-12-22 21:19:59,657] {subprocess.py:85} INFO - Output:
[2021-12-22 21:20:14,565] {subprocess.py:93} INFO - Command exited with return code 0
[2021-12-22 21:20:14,586] {taskinstance.py:1270} INFO - Marking task as SUCCESS. dag_id=data_pipeline1, task_id=sketch, execution_date=20211220T005400, start_date=20211222T121959, end_date=20211222T122014
[2021-12-22 21:20:14,616] {local_task_job.py:154} INFO - Task exited with return code 0
[2021-12-22 21:20:14,636] {local_task_job.py:264} INFO - 1 downstream tasks scheduled from follow-on schedule check
