[2021-12-22 21:53:32,401] {taskinstance.py:1035} INFO - Dependencies all met for <TaskInstance: data_pipeline1.face_crop scheduled__2021-12-20T01:01:00+00:00 [queued]>
[2021-12-22 21:53:32,405] {taskinstance.py:1035} INFO - Dependencies all met for <TaskInstance: data_pipeline1.face_crop scheduled__2021-12-20T01:01:00+00:00 [queued]>
[2021-12-22 21:53:32,405] {taskinstance.py:1241} INFO - 
--------------------------------------------------------------------------------
[2021-12-22 21:53:32,405] {taskinstance.py:1242} INFO - Starting attempt 2 of 5
[2021-12-22 21:53:32,405] {taskinstance.py:1243} INFO - 
--------------------------------------------------------------------------------
[2021-12-22 21:53:32,417] {taskinstance.py:1262} INFO - Executing <Task(BashOperator): face_crop> on 2021-12-20 01:01:00+00:00
[2021-12-22 21:53:32,418] {standard_task_runner.py:52} INFO - Started process 52571 to run task
[2021-12-22 21:53:32,421] {standard_task_runner.py:76} INFO - Running: ['airflow', 'tasks', 'run', 'data_pipeline1', 'face_crop', 'scheduled__2021-12-20T01:01:00+00:00', '--job-id', '375', '--raw', '--subdir', '/home/myamya/project/dockers/airflow/dags/hello_world.py', '--cfg-path', '/tmp/tmpzbs7i8du', '--error-file', '/tmp/tmp6v16xbuw']
[2021-12-22 21:53:32,421] {standard_task_runner.py:77} INFO - Job 375: Subtask face_crop
[2021-12-22 21:53:32,439] {logging_mixin.py:109} INFO - Running <TaskInstance: data_pipeline1.face_crop scheduled__2021-12-20T01:01:00+00:00 [running]> on host myamya
[2021-12-22 21:53:32,457] {taskinstance.py:1412} INFO - Exporting the following env vars:
AIRFLOW_CTX_DAG_OWNER=yangjae
AIRFLOW_CTX_DAG_ID=data_pipeline1
AIRFLOW_CTX_TASK_ID=face_crop
AIRFLOW_CTX_EXECUTION_DATE=2021-12-20T01:01:00+00:00
AIRFLOW_CTX_DAG_RUN_ID=scheduled__2021-12-20T01:01:00+00:00
[2021-12-22 21:53:32,458] {subprocess.py:62} INFO - Tmp dir root location: 
 /tmp
[2021-12-22 21:53:32,458] {subprocess.py:74} INFO - Running command: ['bash', '-c', 'docker run -it -v /home/myamya/project/image_files/:/home/myamya/project/image_files/ google_api:0.8 /bin/bash init.sh ']
[2021-12-22 21:53:32,462] {subprocess.py:85} INFO - Output:
[2021-12-22 21:53:33,277] {subprocess.py:89} INFO - 0
[2021-12-22 21:53:33,277] {subprocess.py:89} INFO - 2
[2021-12-22 21:53:33,277] {subprocess.py:89} INFO - 3
[2021-12-22 21:53:33,277] {subprocess.py:89} INFO - @@ /home/myamya/project/image_files/images/2275.jpg
[2021-12-22 21:53:34,214] {subprocess.py:89} INFO - [Info] /home/myamya/project/image_files/images/2275.jpg: Find face from in position [7, 0, 127, 127] and skew angle [-1.8522259, -11.426695, -8.253036]
[2021-12-22 21:53:34,270] {subprocess.py:89} INFO - [Info]  /home/myamya/project/image_files/images/2275.jpg: Crop face [7, 0, 127, 127] and write it to file : /home/myamya/project/image_files/cropped_image/2275.jpg
[2021-12-22 21:53:34,270] {subprocess.py:89} INFO - @@ /home/myamya/project/image_files/images/2274.jpg
[2021-12-22 21:53:34,946] {subprocess.py:89} INFO - [Info] /home/myamya/project/image_files/images/2274.jpg: Find face from in position [31, 39, 621, 725] and skew angle [0.83626616, 1.2407098, -0.2966359]
[2021-12-22 21:53:35,267] {subprocess.py:89} INFO - [Info]  /home/myamya/project/image_files/images/2274.jpg: Crop face [31, 39, 621, 725] and write it to file : /home/myamya/project/image_files/cropped_image/2274.jpg
[2021-12-22 21:53:35,268] {subprocess.py:89} INFO - training 1
[2021-12-22 21:53:35,268] {subprocess.py:89} INFO - @@ /home/myamya/project/image_files/images/2276.jpg
[2021-12-22 21:53:35,664] {subprocess.py:89} INFO - [Info] /home/myamya/project/image_files/images/2276.jpg: Find face from in position [11, 2, 127, 127] and skew angle [1.0653852, -9.110833, 5.353025]
[2021-12-22 21:53:35,701] {subprocess.py:89} INFO - [Info]  /home/myamya/project/image_files/images/2276.jpg: Crop face [11, 2, 127, 127] and write it to file : /home/myamya/project/image_files/cropped_image/2276.jpg
[2021-12-22 21:53:35,701] {subprocess.py:89} INFO - training 2
[2021-12-22 21:53:35,702] {subprocess.py:89} INFO - @@ /home/myamya/project/image_files/images/2273.jpeg
[2021-12-22 21:53:36,166] {subprocess.py:89} INFO - [Info] /home/myamya/project/image_files/images/2273.jpeg: Find face from in position [11, 0, 200, 194] and skew angle [-2.1107311, -5.6347075, -0.2520895]
[2021-12-22 21:53:36,223] {subprocess.py:89} INFO - [Info]  /home/myamya/project/image_files/images/2273.jpeg: Crop face [11, 0, 200, 194] and write it to file : /home/myamya/project/image_files/cropped_image/2273.jpeg
[2021-12-22 21:53:36,223] {subprocess.py:89} INFO - ## label 1 has 2 of training data
[2021-12-22 21:53:36,230] {subprocess.py:89} INFO - number of datas per label  [2, 0, 0, 0, 0, 0, 0, 0, 0, 0, 0, 0, 0, 0, 0, 0, 0, 0, 0, 0, 0, 0, 0, 0, 0, 0, 0, 0, 0, 0, 0, 0, 0, 0, 0, 0, 0, 0, 0, 0, 0, 0, 0, 0, 0, 0, 0, 0, 0, 0, 0, 0, 0, 0, 0, 0, 0, 0, 0, 0, 0, 0, 0, 0, 0, 0, 0, 0, 0, 0, 0, 0, 0, 0, 0, 0, 0, 0, 0, 0, 0, 0, 0, 0, 0, 0, 0, 0, 0, 0, 0, 0, 0, 0, 0, 0, 0, 0, 0, 0, 0, 0, 0, 0, 0, 0, 0, 0, 0, 0, 0, 0, 0, 0, 0, 0, 0, 0, 0, 0, 0, 0, 0, 0, 0, 0, 0, 0, 0, 0, 0, 0, 0, 0, 0, 0, 0, 0, 0, 0, 0, 0, 0, 0, 0, 0, 0, 0, 0, 0, 0, 0, 0, 0, 0, 0, 0, 0, 0, 0, 0, 0, 0, 0, 0, 0, 0, 0, 0, 0, 0, 0, 0, 0, 0, 0, 0, 0, 0, 0, 0, 0, 0, 0, 0, 0, 0, 0, 0, 0, 0, 0, 0, 0, 0, 0, 0, 0, 0, 0, 0, 0, 0, 0, 0, 0, 0, 0, 0, 0, 0, 0, 0, 0, 0, 0, 0, 0, 0, 0, 0, 0, 0, 0, 0, 0, 0, 0, 0, 0, 0, 0, 0, 0, 0, 0, 0, 0, 0, 0, 0, 0, 0, 0, 0, 0, 0, 0, 0, 0, 0, 0, 0, 0, 0, 0, 0, 0, 0, 0, 0, 0, 0, 0, 0, 0, 0, 0, 0, 0, 0, 0, 0, 0, 0, 0, 0, 0, 0, 0, 0, 0, 0, 0, 0, 0, 0, 0, 0, 0, 0, 0, 0, 0, 0, 0, 0, 0, 0, 0, 0, 0, 0, 0, 0, 0, 0, 0, 0, 0, 0, 0, 0, 0, 0, 0, 0, 0, 0, 0, 0, 0, 0, 0, 0, 0, 0, 0, 0, 0, 0, 0, 0, 0, 0, 0, 0, 0, 0, 0, 0, 0, 0, 0, 0, 0, 0, 0, 0, 0, 0, 0, 0, 0, 0, 0, 0, 0, 0, 0, 0, 0, 0, 0, 0, 0, 0, 0, 0, 0, 0, 0, 0, 0, 0, 0, 0, 0, 0, 0, 0, 0, 0, 0, 0, 0, 0, 0, 0, 0, 0, 0, 0, 0, 0, 0, 0, 0, 0, 0, 0, 0, 0, 0, 0, 0, 0, 0, 0, 0, 0, 0, 0, 0, 0, 0, 0, 0, 0, 0, 0, 0, 0, 0, 0, 0, 0, 0, 0, 0, 0, 0, 0, 0, 0, 0, 0, 0, 0, 0, 0, 0, 0, 0, 0, 0, 0, 0, 0, 0, 0, 0, 0, 0, 0, 0, 0, 0, 0, 0, 0, 0, 0, 0, 0, 0, 0, 0, 0, 0, 0, 0, 0, 0, 0, 0, 0, 0, 0, 0, 0, 0, 0, 0, 0, 0, 0, 0, 0, 0, 0, 0, 0, 0, 0, 0, 0, 0, 0, 0, 0, 0, 0, 0, 0, 0, 0, 0, 0, 0, 0, 0, 0, 0, 0, 0, 0, 0, 0, 0, 0, 0, 0, 0, 0, 0, 0, 0, 0, 0, 0, 0, 0, 0, 0, 0, 0, 0, 0, 0, 0, 0, 0, 0, 0, 0, 0, 0, 0, 0, 0, 0, 0, 0, 0, 0, 0, 0, 0, 0, 0, 0, 0, 0, 0, 0, 0, 0, 0, 0, 0, 0, 0, 0, 0, 0, 0, 0, 0, 0, 0, 0, 0, 0, 0, 0, 0, 0, 0, 0, 0, 0, 0, 0, 0, 0, 0, 0, 0, 0, 0, 0, 0, 0, 0, 0, 0, 0, 0, 0, 0, 0, 0, 0, 0, 0, 0, 0, 0, 0, 0, 0, 0, 0, 0, 0, 0, 0, 0, 0, 0, 0, 0, 0, 0, 0, 0, 0, 0, 0, 0, 0, 0, 0, 0, 0, 0, 0, 0, 0, 0, 0, 0, 0, 0, 0, 0, 0, 0, 0, 0, 0, 0, 0, 0, 0, 0, 0, 0, 0, 0, 0, 0, 0, 0, 0, 0, 0, 0, 0, 0, 0, 0, 0, 0, 0, 0, 0, 0, 0, 0, 0, 0, 0, 0, 0, 0, 0, 0, 0, 0, 0, 0, 0, 0, 0, 0, 0, 0, 0, 0, 0, 0, 0, 0, 0, 0, 0, 0, 0, 0, 0, 0, 0, 0, 0, 0, 0, 0, 0, 0, 0, 0, 0, 0, 0, 0, 0, 0, 0, 0, 0, 0, 0, 0, 0, 0, 0, 0, 0, 0, 0, 0, 0, 0, 0, 0, 0, 0, 0, 0, 0, 0, 0, 0, 0, 0, 0, 0, 0, 0, 0, 0, 0, 0, 0, 0, 0, 0, 0, 0, 0, 0, 0, 0, 0, 0, 0, 0, 0, 0, 0, 0, 0, 0, 0, 0, 0, 0, 0, 0, 0, 0, 0, 0, 0, 0, 0, 0, 0, 0, 0, 0, 0, 0, 0, 0, 0, 0, 0, 0, 0, 0, 0, 0, 0, 0, 0, 0, 0, 0, 0, 0, 0, 0, 0, 0, 0, 0, 0, 0, 0, 0, 0, 0, 0, 0, 0, 0, 0, 0, 0, 0, 0, 0, 0, 0, 0, 0, 0, 0, 0, 0, 0, 0, 0, 0, 0, 0, 0, 0, 0, 0, 0, 0, 0, 0, 0, 0, 0, 0, 0, 0, 0, 0, 0, 0, 0, 0, 0, 0, 0, 0, 0, 0, 0, 0, 0, 0, 0, 0, 0, 0, 0, 0, 0, 0, 0, 0, 0, 0, 0, 0, 0, 0, 0, 0, 0, 0, 0, 0, 0, 0, 0, 0, 0, 0, 0, 0, 0, 0, 0, 0, 0, 0, 0, 0, 0, 0, 0, 0, 0, 0, 0, 0, 0, 0, 0, 0, 0, 0, 0, 0, 0, 0, 0, 0, 0, 0, 0, 0, 0, 0, 0, 0, 0, 0, 0, 0, 0, 0, 0, 0, 0, 0, 0, 0, 0, 0, 0, 0, 0, 0, 0, 0, 0, 0, 0, 0, 0, 0, 0, 0, 0, 0, 0, 0, 0, 0, 0]
[2021-12-22 21:53:36,489] {subprocess.py:93} INFO - Command exited with return code 0
[2021-12-22 21:53:36,516] {taskinstance.py:1270} INFO - Marking task as SUCCESS. dag_id=data_pipeline1, task_id=face_crop, execution_date=20211220T010100, start_date=20211222T125332, end_date=20211222T125336
[2021-12-22 21:53:36,567] {local_task_job.py:154} INFO - Task exited with return code 0
[2021-12-22 21:53:36,593] {local_task_job.py:264} INFO - 1 downstream tasks scheduled from follow-on schedule check
