[2021-12-21 23:07:04,471] {taskinstance.py:1035} INFO - Dependencies all met for <TaskInstance: data_pipeline.delete_past_images scheduled__2021-12-19T00:06:00+00:00 [queued]>
[2021-12-21 23:07:04,478] {taskinstance.py:1035} INFO - Dependencies all met for <TaskInstance: data_pipeline.delete_past_images scheduled__2021-12-19T00:06:00+00:00 [queued]>
[2021-12-21 23:07:04,478] {taskinstance.py:1241} INFO - 
--------------------------------------------------------------------------------
[2021-12-21 23:07:04,478] {taskinstance.py:1242} INFO - Starting attempt 1 of 4
[2021-12-21 23:07:04,478] {taskinstance.py:1243} INFO - 
--------------------------------------------------------------------------------
[2021-12-21 23:07:04,492] {taskinstance.py:1262} INFO - Executing <Task(BashOperator): delete_past_images> on 2021-12-19 00:06:00+00:00
[2021-12-21 23:07:04,494] {standard_task_runner.py:52} INFO - Started process 104388 to run task
[2021-12-21 23:07:04,496] {standard_task_runner.py:76} INFO - Running: ['airflow', 'tasks', 'run', 'data_pipeline', 'delete_past_images', 'scheduled__2021-12-19T00:06:00+00:00', '--job-id', '192', '--raw', '--subdir', '/home/myamya/project/dockers/airflow/dags/hello_world.py', '--cfg-path', '/tmp/tmpyrs9fl9d', '--error-file', '/tmp/tmp8dz2u1yi']
[2021-12-21 23:07:04,496] {standard_task_runner.py:77} INFO - Job 192: Subtask delete_past_images
[2021-12-21 23:07:04,516] {logging_mixin.py:109} INFO - Running <TaskInstance: data_pipeline.delete_past_images scheduled__2021-12-19T00:06:00+00:00 [running]> on host myamya
[2021-12-21 23:07:04,529] {taskinstance.py:1686} ERROR - Task failed with exception
Traceback (most recent call last):
  File "/home/myamya/anaconda3/lib/python3.9/site-packages/airflow/models/taskinstance.py", line 1324, in _run_raw_task
    self._execute_task_with_callbacks(context)
  File "/home/myamya/anaconda3/lib/python3.9/site-packages/airflow/models/taskinstance.py", line 1406, in _execute_task_with_callbacks
    self.render_templates(context=context)
  File "/home/myamya/anaconda3/lib/python3.9/site-packages/airflow/models/taskinstance.py", line 2088, in render_templates
    self.task.render_template_fields(context)
  File "/home/myamya/anaconda3/lib/python3.9/site-packages/airflow/models/baseoperator.py", line 1057, in render_template_fields
    self._do_render_template_fields(self, self.template_fields, context, jinja_env, set())
  File "/home/myamya/anaconda3/lib/python3.9/site-packages/airflow/models/baseoperator.py", line 1070, in _do_render_template_fields
    rendered_content = self.render_template(content, context, jinja_env, seen_oids)
  File "/home/myamya/anaconda3/lib/python3.9/site-packages/airflow/models/baseoperator.py", line 1105, in render_template
    return jinja_env.get_template(content).render(**context)
  File "/home/myamya/anaconda3/lib/python3.9/site-packages/jinja2/environment.py", line 883, in get_template
    return self._load_template(name, self.make_globals(globals))
  File "/home/myamya/anaconda3/lib/python3.9/site-packages/jinja2/environment.py", line 857, in _load_template
    template = self.loader.load(self, name, globals)
  File "/home/myamya/anaconda3/lib/python3.9/site-packages/jinja2/loaders.py", line 115, in load
    source, filename, uptodate = self.get_source(environment, name)
  File "/home/myamya/anaconda3/lib/python3.9/site-packages/jinja2/loaders.py", line 197, in get_source
    raise TemplateNotFound(template)
jinja2.exceptions.TemplateNotFound: /bin/bash /home/myamya/project/image_files/delete.sh
[2021-12-21 23:07:04,533] {taskinstance.py:1270} INFO - Marking task as UP_FOR_RETRY. dag_id=data_pipeline, task_id=delete_past_images, execution_date=20211219T000600, start_date=20211221T140704, end_date=20211221T140704
[2021-12-21 23:07:04,545] {standard_task_runner.py:88} ERROR - Failed to execute job 192 for task delete_past_images
Traceback (most recent call last):
  File "/home/myamya/anaconda3/lib/python3.9/site-packages/airflow/task/task_runner/standard_task_runner.py", line 85, in _start_by_fork
    args.func(args, dag=self.dag)
  File "/home/myamya/anaconda3/lib/python3.9/site-packages/airflow/cli/cli_parser.py", line 48, in command
    return func(*args, **kwargs)
  File "/home/myamya/anaconda3/lib/python3.9/site-packages/airflow/utils/cli.py", line 92, in wrapper
    return f(*args, **kwargs)
  File "/home/myamya/anaconda3/lib/python3.9/site-packages/airflow/cli/commands/task_command.py", line 292, in task_run
    _run_task_by_selected_method(args, dag, ti)
  File "/home/myamya/anaconda3/lib/python3.9/site-packages/airflow/cli/commands/task_command.py", line 107, in _run_task_by_selected_method
    _run_raw_task(args, ti)
  File "/home/myamya/anaconda3/lib/python3.9/site-packages/airflow/cli/commands/task_command.py", line 180, in _run_raw_task
    ti._run_raw_task(
  File "/home/myamya/anaconda3/lib/python3.9/site-packages/airflow/utils/session.py", line 70, in wrapper
    return func(*args, session=session, **kwargs)
  File "/home/myamya/anaconda3/lib/python3.9/site-packages/airflow/models/taskinstance.py", line 1324, in _run_raw_task
    self._execute_task_with_callbacks(context)
  File "/home/myamya/anaconda3/lib/python3.9/site-packages/airflow/models/taskinstance.py", line 1406, in _execute_task_with_callbacks
    self.render_templates(context=context)
  File "/home/myamya/anaconda3/lib/python3.9/site-packages/airflow/models/taskinstance.py", line 2088, in render_templates
    self.task.render_template_fields(context)
  File "/home/myamya/anaconda3/lib/python3.9/site-packages/airflow/models/baseoperator.py", line 1057, in render_template_fields
    self._do_render_template_fields(self, self.template_fields, context, jinja_env, set())
  File "/home/myamya/anaconda3/lib/python3.9/site-packages/airflow/models/baseoperator.py", line 1070, in _do_render_template_fields
    rendered_content = self.render_template(content, context, jinja_env, seen_oids)
  File "/home/myamya/anaconda3/lib/python3.9/site-packages/airflow/models/baseoperator.py", line 1105, in render_template
    return jinja_env.get_template(content).render(**context)
  File "/home/myamya/anaconda3/lib/python3.9/site-packages/jinja2/environment.py", line 883, in get_template
    return self._load_template(name, self.make_globals(globals))
  File "/home/myamya/anaconda3/lib/python3.9/site-packages/jinja2/environment.py", line 857, in _load_template
    template = self.loader.load(self, name, globals)
  File "/home/myamya/anaconda3/lib/python3.9/site-packages/jinja2/loaders.py", line 115, in load
    source, filename, uptodate = self.get_source(environment, name)
  File "/home/myamya/anaconda3/lib/python3.9/site-packages/jinja2/loaders.py", line 197, in get_source
    raise TemplateNotFound(template)
jinja2.exceptions.TemplateNotFound: /bin/bash /home/myamya/project/image_files/delete.sh
[2021-12-21 23:07:04,587] {local_task_job.py:154} INFO - Task exited with return code 1
[2021-12-21 23:07:04,598] {local_task_job.py:264} INFO - 0 downstream tasks scheduled from follow-on schedule check
