[2021-12-22 17:36:59,503] {taskinstance.py:1035} INFO - Dependencies all met for <TaskInstance: data_pipeline1.delete_past_images scheduled__2021-12-20T00:23:00+00:00 [queued]>
[2021-12-22 17:36:59,507] {taskinstance.py:1035} INFO - Dependencies all met for <TaskInstance: data_pipeline1.delete_past_images scheduled__2021-12-20T00:23:00+00:00 [queued]>
[2021-12-22 17:36:59,507] {taskinstance.py:1241} INFO - 
--------------------------------------------------------------------------------
[2021-12-22 17:36:59,507] {taskinstance.py:1242} INFO - Starting attempt 1 of 4
[2021-12-22 17:36:59,507] {taskinstance.py:1243} INFO - 
--------------------------------------------------------------------------------
[2021-12-22 17:36:59,516] {taskinstance.py:1262} INFO - Executing <Task(BashOperator): delete_past_images> on 2021-12-20 00:23:00+00:00
[2021-12-22 17:36:59,517] {standard_task_runner.py:52} INFO - Started process 29698 to run task
[2021-12-22 17:36:59,519] {standard_task_runner.py:76} INFO - Running: ['airflow', 'tasks', 'run', 'data_pipeline1', 'delete_past_images', 'scheduled__2021-12-20T00:23:00+00:00', '--job-id', '152', '--raw', '--subdir', '/home/myamya/project/dockers/airflow/dags/hello_world.py', '--cfg-path', '/tmp/tmpftxp98_i', '--error-file', '/tmp/tmpi5d0pqmw']
[2021-12-22 17:36:59,519] {standard_task_runner.py:77} INFO - Job 152: Subtask delete_past_images
[2021-12-22 17:36:59,537] {logging_mixin.py:109} INFO - Running <TaskInstance: data_pipeline1.delete_past_images scheduled__2021-12-20T00:23:00+00:00 [running]> on host myamya
[2021-12-22 17:36:59,558] {taskinstance.py:1412} INFO - Exporting the following env vars:
AIRFLOW_CTX_DAG_OWNER=yangjae
AIRFLOW_CTX_DAG_ID=data_pipeline1
AIRFLOW_CTX_TASK_ID=delete_past_images
AIRFLOW_CTX_EXECUTION_DATE=2021-12-20T00:23:00+00:00
AIRFLOW_CTX_DAG_RUN_ID=scheduled__2021-12-20T00:23:00+00:00
[2021-12-22 17:36:59,559] {subprocess.py:62} INFO - Tmp dir root location: 
 /tmp
[2021-12-22 17:36:59,559] {subprocess.py:74} INFO - Running command: ['bash', '-c', '/bin/bash /home/myamya/project/image_files/delete.sh ']
[2021-12-22 17:36:59,563] {subprocess.py:85} INFO - Output:
[2021-12-22 17:36:59,567] {subprocess.py:93} INFO - Command exited with return code 0
[2021-12-22 17:36:59,578] {taskinstance.py:1270} INFO - Marking task as SUCCESS. dag_id=data_pipeline1, task_id=delete_past_images, execution_date=20211220T002300, start_date=20211222T083659, end_date=20211222T083659
[2021-12-22 17:36:59,611] {local_task_job.py:154} INFO - Task exited with return code 0
[2021-12-22 17:36:59,620] {local_task_job.py:264} INFO - 0 downstream tasks scheduled from follow-on schedule check
