[2021-12-22 21:20:15,982] {taskinstance.py:1035} INFO - Dependencies all met for <TaskInstance: data_pipeline1.sketch scheduled__2021-12-20T00:55:00+00:00 [queued]>
[2021-12-22 21:20:15,985] {taskinstance.py:1035} INFO - Dependencies all met for <TaskInstance: data_pipeline1.sketch scheduled__2021-12-20T00:55:00+00:00 [queued]>
[2021-12-22 21:20:15,986] {taskinstance.py:1241} INFO - 
--------------------------------------------------------------------------------
[2021-12-22 21:20:15,986] {taskinstance.py:1242} INFO - Starting attempt 2 of 5
[2021-12-22 21:20:15,986] {taskinstance.py:1243} INFO - 
--------------------------------------------------------------------------------
[2021-12-22 21:20:15,996] {taskinstance.py:1262} INFO - Executing <Task(BashOperator): sketch> on 2021-12-20 00:55:00+00:00
[2021-12-22 21:20:15,997] {standard_task_runner.py:52} INFO - Started process 48997 to run task
[2021-12-22 21:20:15,999] {standard_task_runner.py:76} INFO - Running: ['airflow', 'tasks', 'run', 'data_pipeline1', 'sketch', 'scheduled__2021-12-20T00:55:00+00:00', '--job-id', '350', '--raw', '--subdir', '/home/myamya/project/dockers/airflow/dags/hello_world.py', '--cfg-path', '/tmp/tmpa641d8jb', '--error-file', '/tmp/tmpmxoemr9v']
[2021-12-22 21:20:16,000] {standard_task_runner.py:77} INFO - Job 350: Subtask sketch
[2021-12-22 21:20:16,031] {logging_mixin.py:109} INFO - Running <TaskInstance: data_pipeline1.sketch scheduled__2021-12-20T00:55:00+00:00 [running]> on host myamya
[2021-12-22 21:20:16,064] {taskinstance.py:1412} INFO - Exporting the following env vars:
AIRFLOW_CTX_DAG_OWNER=yangjae
AIRFLOW_CTX_DAG_ID=data_pipeline1
AIRFLOW_CTX_TASK_ID=sketch
AIRFLOW_CTX_EXECUTION_DATE=2021-12-20T00:55:00+00:00
AIRFLOW_CTX_DAG_RUN_ID=scheduled__2021-12-20T00:55:00+00:00
[2021-12-22 21:20:16,065] {subprocess.py:62} INFO - Tmp dir root location: 
 /tmp
[2021-12-22 21:20:16,065] {subprocess.py:74} INFO - Running command: ['bash', '-c', 'docker run -it -v /home/myamya/project/image_files/:/home/myamya/project/image_files/ sketch:0.4 /bin/bash /home/myamya/project/init.sh ']
[2021-12-22 21:20:16,071] {subprocess.py:85} INFO - Output:
[2021-12-22 21:20:30,940] {subprocess.py:93} INFO - Command exited with return code 0
[2021-12-22 21:20:30,971] {taskinstance.py:1270} INFO - Marking task as SUCCESS. dag_id=data_pipeline1, task_id=sketch, execution_date=20211220T005500, start_date=20211222T122015, end_date=20211222T122030
[2021-12-22 21:20:31,017] {local_task_job.py:154} INFO - Task exited with return code 0
[2021-12-22 21:20:31,040] {local_task_job.py:264} INFO - 1 downstream tasks scheduled from follow-on schedule check
