[2021-12-21 22:44:14,683] {taskinstance.py:1035} INFO - Dependencies all met for <TaskInstance: data_pipeline.sketch scheduled__2021-12-19T00:14:00+00:00 [queued]>
[2021-12-21 22:44:14,687] {taskinstance.py:1035} INFO - Dependencies all met for <TaskInstance: data_pipeline.sketch scheduled__2021-12-19T00:14:00+00:00 [queued]>
[2021-12-21 22:44:14,687] {taskinstance.py:1241} INFO - 
--------------------------------------------------------------------------------
[2021-12-21 22:44:14,687] {taskinstance.py:1242} INFO - Starting attempt 1 of 4
[2021-12-21 22:44:14,687] {taskinstance.py:1243} INFO - 
--------------------------------------------------------------------------------
[2021-12-21 22:44:14,695] {taskinstance.py:1262} INFO - Executing <Task(BashOperator): sketch> on 2021-12-19 00:14:00+00:00
[2021-12-21 22:44:14,697] {standard_task_runner.py:52} INFO - Started process 100716 to run task
[2021-12-21 22:44:14,699] {standard_task_runner.py:76} INFO - Running: ['airflow', 'tasks', 'run', 'data_pipeline', 'sketch', 'scheduled__2021-12-19T00:14:00+00:00', '--job-id', '113', '--raw', '--subdir', '/home/myamya/project/dockers/airflow/dags/hello_world.py', '--cfg-path', '/tmp/tmp1mpcrncf', '--error-file', '/tmp/tmps60c4l27']
[2021-12-21 22:44:14,700] {standard_task_runner.py:77} INFO - Job 113: Subtask sketch
[2021-12-21 22:44:14,716] {logging_mixin.py:109} INFO - Running <TaskInstance: data_pipeline.sketch scheduled__2021-12-19T00:14:00+00:00 [running]> on host myamya
[2021-12-21 22:44:14,738] {taskinstance.py:1412} INFO - Exporting the following env vars:
AIRFLOW_CTX_DAG_OWNER=yangjae
AIRFLOW_CTX_DAG_ID=data_pipeline
AIRFLOW_CTX_TASK_ID=sketch
AIRFLOW_CTX_EXECUTION_DATE=2021-12-19T00:14:00+00:00
AIRFLOW_CTX_DAG_RUN_ID=scheduled__2021-12-19T00:14:00+00:00
[2021-12-21 22:44:14,738] {subprocess.py:62} INFO - Tmp dir root location: 
 /tmp
[2021-12-21 22:44:14,738] {subprocess.py:74} INFO - Running command: ['bash', '-c', 'docker run -it -v /home/myamya/project/image_files/:/home/myamya/project/image_files/ sketch:0.4 /bin/bash /home/myamya/project/init.sh ']
[2021-12-21 22:44:14,742] {subprocess.py:85} INFO - Output:
[2021-12-21 22:44:44,917] {subprocess.py:93} INFO - Command exited with return code 0
[2021-12-21 22:44:44,930] {taskinstance.py:1270} INFO - Marking task as SUCCESS. dag_id=data_pipeline, task_id=sketch, execution_date=20211219T001400, start_date=20211221T134414, end_date=20211221T134444
[2021-12-21 22:44:44,948] {local_task_job.py:154} INFO - Task exited with return code 0
[2021-12-21 22:44:44,961] {local_task_job.py:264} INFO - 1 downstream tasks scheduled from follow-on schedule check
