[2021-12-21 04:30:20,265] {taskinstance.py:1035} INFO - Dependencies all met for <TaskInstance: hello_world.print_hello scheduled__2021-12-19T06:00:00+00:00 [queued]>
[2021-12-21 04:30:20,269] {taskinstance.py:1035} INFO - Dependencies all met for <TaskInstance: hello_world.print_hello scheduled__2021-12-19T06:00:00+00:00 [queued]>
[2021-12-21 04:30:20,269] {taskinstance.py:1241} INFO - 
--------------------------------------------------------------------------------
[2021-12-21 04:30:20,269] {taskinstance.py:1242} INFO - Starting attempt 1 of 4
[2021-12-21 04:30:20,269] {taskinstance.py:1243} INFO - 
--------------------------------------------------------------------------------
[2021-12-21 04:30:20,277] {taskinstance.py:1262} INFO - Executing <Task(BashOperator): print_hello> on 2021-12-19 06:00:00+00:00
[2021-12-21 04:30:20,279] {standard_task_runner.py:52} INFO - Started process 38769 to run task
[2021-12-21 04:30:20,280] {standard_task_runner.py:76} INFO - Running: ['airflow', 'tasks', 'run', 'hello_world', 'print_hello', 'scheduled__2021-12-19T06:00:00+00:00', '--job-id', '9', '--raw', '--subdir', '/home/myamya/project/dockers/airflow/dags/hello_world.py', '--cfg-path', '/tmp/tmpsm5brjax', '--error-file', '/tmp/tmp5khhpqj4']
[2021-12-21 04:30:20,281] {standard_task_runner.py:77} INFO - Job 9: Subtask print_hello
[2021-12-21 04:30:20,298] {logging_mixin.py:109} INFO - Running <TaskInstance: hello_world.print_hello scheduled__2021-12-19T06:00:00+00:00 [running]> on host myamya
[2021-12-21 04:30:20,321] {taskinstance.py:1412} INFO - Exporting the following env vars:
AIRFLOW_CTX_DAG_OWNER=heumsi
AIRFLOW_CTX_DAG_ID=hello_world
AIRFLOW_CTX_TASK_ID=print_hello
AIRFLOW_CTX_EXECUTION_DATE=2021-12-19T06:00:00+00:00
AIRFLOW_CTX_DAG_RUN_ID=scheduled__2021-12-19T06:00:00+00:00
[2021-12-21 04:30:20,321] {subprocess.py:62} INFO - Tmp dir root location: 
 /tmp
[2021-12-21 04:30:20,322] {subprocess.py:74} INFO - Running command: ['bash', '-c', 'echo Hello']
[2021-12-21 04:30:20,325] {subprocess.py:85} INFO - Output:
[2021-12-21 04:30:20,326] {subprocess.py:89} INFO - Hello
[2021-12-21 04:30:20,326] {subprocess.py:93} INFO - Command exited with return code 0
[2021-12-21 04:30:20,338] {taskinstance.py:1270} INFO - Marking task as SUCCESS. dag_id=hello_world, task_id=print_hello, execution_date=20211219T060000, start_date=20211220T193020, end_date=20211220T193020
[2021-12-21 04:30:20,372] {local_task_job.py:154} INFO - Task exited with return code 0
[2021-12-21 04:30:20,388] {local_task_job.py:264} INFO - 0 downstream tasks scheduled from follow-on schedule check
