[2021-12-21 23:13:25,031] {taskinstance.py:1035} INFO - Dependencies all met for <TaskInstance: data_pipeline.face_crop scheduled__2021-12-19T00:30:00+00:00 [queued]>
[2021-12-21 23:13:25,035] {taskinstance.py:1035} INFO - Dependencies all met for <TaskInstance: data_pipeline.face_crop scheduled__2021-12-19T00:30:00+00:00 [queued]>
[2021-12-21 23:13:25,035] {taskinstance.py:1241} INFO - 
--------------------------------------------------------------------------------
[2021-12-21 23:13:25,035] {taskinstance.py:1242} INFO - Starting attempt 1 of 4
[2021-12-21 23:13:25,035] {taskinstance.py:1243} INFO - 
--------------------------------------------------------------------------------
[2021-12-21 23:13:25,044] {taskinstance.py:1262} INFO - Executing <Task(BashOperator): face_crop> on 2021-12-19 00:30:00+00:00
[2021-12-21 23:13:25,046] {standard_task_runner.py:52} INFO - Started process 106652 to run task
[2021-12-21 23:13:25,047] {standard_task_runner.py:76} INFO - Running: ['airflow', 'tasks', 'run', 'data_pipeline', 'face_crop', 'scheduled__2021-12-19T00:30:00+00:00', '--job-id', '240', '--raw', '--subdir', '/home/myamya/project/dockers/airflow/dags/hello_world.py', '--cfg-path', '/tmp/tmp5xb8xzn_', '--error-file', '/tmp/tmparlnnp4e']
[2021-12-21 23:13:25,048] {standard_task_runner.py:77} INFO - Job 240: Subtask face_crop
[2021-12-21 23:13:25,065] {logging_mixin.py:109} INFO - Running <TaskInstance: data_pipeline.face_crop scheduled__2021-12-19T00:30:00+00:00 [running]> on host myamya
[2021-12-21 23:13:25,093] {taskinstance.py:1412} INFO - Exporting the following env vars:
AIRFLOW_CTX_DAG_OWNER=yangjae
AIRFLOW_CTX_DAG_ID=data_pipeline
AIRFLOW_CTX_TASK_ID=face_crop
AIRFLOW_CTX_EXECUTION_DATE=2021-12-19T00:30:00+00:00
AIRFLOW_CTX_DAG_RUN_ID=scheduled__2021-12-19T00:30:00+00:00
[2021-12-21 23:13:25,095] {subprocess.py:62} INFO - Tmp dir root location: 
 /tmp
[2021-12-21 23:13:25,096] {subprocess.py:74} INFO - Running command: ['bash', '-c', 'docker run -it -v /home/myamya/project/image_files/:/home/myamya/project/image_files/ google_api:0.8 /bin/bash init.sh ']
[2021-12-21 23:13:25,108] {subprocess.py:85} INFO - Output:
[2021-12-21 23:13:25,900] {subprocess.py:89} INFO - 0
[2021-12-21 23:13:25,900] {subprocess.py:89} INFO - 2
[2021-12-21 23:13:25,900] {subprocess.py:89} INFO - 3
[2021-12-21 23:13:25,900] {subprocess.py:89} INFO - @@ /home/myamya/project/image_files/images/1.jpeg
[2021-12-21 23:13:27,100] {subprocess.py:89} INFO - [Info] /home/myamya/project/image_files/images/1.jpeg: Find face from in position [133, 48, 844, 875] and skew angle [-0.20883362, 0.14810006, -3.5433183]
[2021-12-21 23:13:27,463] {subprocess.py:89} INFO - [Info]  /home/myamya/project/image_files/images/1.jpeg: Crop face [133, 48, 844, 875] and write it to file : /home/myamya/project/image_files/cropped_image/1.jpeg
[2021-12-21 23:13:27,464] {subprocess.py:89} INFO - training 1
[2021-12-21 23:13:27,464] {subprocess.py:89} INFO - @@ /home/myamya/project/image_files/images/2259.jpeg
[2021-12-21 23:13:27,971] {subprocess.py:89} INFO - [Error] /home/myamya/project/image_files/images/2259.jpeg: cannot process file : 'y'
[2021-12-21 23:13:27,972] {subprocess.py:89} INFO - ## label 1 has 1 of training data
[2021-12-21 23:13:27,972] {subprocess.py:89} INFO - number of datas per label  [1, 0, 0, 0, 0, 0, 0, 0, 0, 0, 0, 0, 0, 0, 0, 0, 0, 0, 0, 0, 0, 0, 0, 0, 0, 0, 0, 0, 0, 0, 0, 0, 0, 0, 0, 0, 0, 0, 0, 0, 0, 0, 0, 0, 0, 0, 0, 0, 0, 0, 0, 0, 0, 0, 0, 0, 0, 0, 0, 0, 0, 0, 0, 0, 0, 0, 0, 0, 0, 0, 0, 0, 0, 0, 0, 0, 0, 0, 0, 0, 0, 0, 0, 0, 0, 0, 0, 0, 0, 0, 0, 0, 0, 0, 0, 0, 0, 0, 0, 0, 0, 0, 0, 0, 0, 0, 0, 0, 0, 0, 0, 0, 0, 0, 0, 0, 0, 0, 0, 0, 0, 0, 0, 0, 0, 0, 0, 0, 0, 0, 0, 0, 0, 0, 0, 0, 0, 0, 0, 0, 0, 0, 0, 0, 0, 0, 0, 0, 0, 0, 0, 0, 0, 0, 0, 0, 0, 0, 0, 0, 0, 0, 0, 0, 0, 0, 0, 0, 0, 0, 0, 0, 0, 0, 0, 0, 0, 0, 0, 0, 0, 0, 0, 0, 0, 0, 0, 0, 0, 0, 0, 0, 0, 0, 0, 0, 0, 0, 0, 0, 0, 0, 0, 0, 0, 0, 0, 0, 0, 0, 0, 0, 0, 0, 0, 0, 0, 0, 0, 0, 0, 0, 0, 0, 0, 0, 0, 0, 0, 0, 0, 0, 0, 0, 0, 0, 0, 0, 0, 0, 0, 0, 0, 0, 0, 0, 0, 0, 0, 0, 0, 0, 0, 0, 0, 0, 0, 0, 0, 0, 0, 0, 0, 0, 0, 0, 0, 0, 0, 0, 0, 0, 0, 0, 0, 0, 0, 0, 0, 0, 0, 0, 0, 0, 0, 0, 0, 0, 0, 0, 0, 0, 0, 0, 0, 0, 0, 0, 0, 0, 0, 0, 0, 0, 0, 0, 0, 0, 0, 0, 0, 0, 0, 0, 0, 0, 0, 0, 0, 0, 0, 0, 0, 0, 0, 0, 0, 0, 0, 0, 0, 0, 0, 0, 0, 0, 0, 0, 0, 0, 0, 0, 0, 0, 0, 0, 0, 0, 0, 0, 0, 0, 0, 0, 0, 0, 0, 0, 0, 0, 0, 0, 0, 0, 0, 0, 0, 0, 0, 0, 0, 0, 0, 0, 0, 0, 0, 0, 0, 0, 0, 0, 0, 0, 0, 0, 0, 0, 0, 0, 0, 0, 0, 0, 0, 0, 0, 0, 0, 0, 0, 0, 0, 0, 0, 0, 0, 0, 0, 0, 0, 0, 0, 0, 0, 0, 0, 0, 0, 0, 0, 0, 0, 0, 0, 0, 0, 0, 0, 0, 0, 0, 0, 0, 0, 0, 0, 0, 0, 0, 0, 0, 0, 0, 0, 0, 0, 0, 0, 0, 0, 0, 0, 0, 0, 0, 0, 0, 0, 0, 0, 0, 0, 0, 0, 0, 0, 0, 0, 0, 0, 0, 0, 0, 0, 0, 0, 0, 0, 0, 0, 0, 0, 0, 0, 0, 0, 0, 0, 0, 0, 0, 0, 0, 0, 0, 0, 0, 0, 0, 0, 0, 0, 0, 0, 0, 0, 0, 0, 0, 0, 0, 0, 0, 0, 0, 0, 0, 0, 0, 0, 0, 0, 0, 0, 0, 0, 0, 0, 0, 0, 0, 0, 0, 0, 0, 0, 0, 0, 0, 0, 0, 0, 0, 0, 0, 0, 0, 0, 0, 0, 0, 0, 0, 0, 0, 0, 0, 0, 0, 0, 0, 0, 0, 0, 0, 0, 0, 0, 0, 0, 0, 0, 0, 0, 0, 0, 0, 0, 0, 0, 0, 0, 0, 0, 0, 0, 0, 0, 0, 0, 0, 0, 0, 0, 0, 0, 0, 0, 0, 0, 0, 0, 0, 0, 0, 0, 0, 0, 0, 0, 0, 0, 0, 0, 0, 0, 0, 0, 0, 0, 0, 0, 0, 0, 0, 0, 0, 0, 0, 0, 0, 0, 0, 0, 0, 0, 0, 0, 0, 0, 0, 0, 0, 0, 0, 0, 0, 0, 0, 0, 0, 0, 0, 0, 0, 0, 0, 0, 0, 0, 0, 0, 0, 0, 0, 0, 0, 0, 0, 0, 0, 0, 0, 0, 0, 0, 0, 0, 0, 0, 0, 0, 0, 0, 0, 0, 0, 0, 0, 0, 0, 0, 0, 0, 0, 0, 0, 0, 0, 0, 0, 0, 0, 0, 0, 0, 0, 0, 0, 0, 0, 0, 0, 0, 0, 0, 0, 0, 0, 0, 0, 0, 0, 0, 0, 0, 0, 0, 0, 0, 0, 0, 0, 0, 0, 0, 0, 0, 0, 0, 0, 0, 0, 0, 0, 0, 0, 0, 0, 0, 0, 0, 0, 0, 0, 0, 0, 0, 0, 0, 0, 0, 0, 0, 0, 0, 0, 0, 0, 0, 0, 0, 0, 0, 0, 0, 0, 0, 0, 0, 0, 0, 0, 0, 0, 0, 0, 0, 0, 0, 0, 0, 0, 0, 0, 0, 0, 0, 0, 0, 0, 0, 0, 0, 0, 0, 0, 0, 0, 0, 0, 0, 0, 0, 0, 0, 0, 0, 0, 0, 0, 0, 0, 0, 0, 0, 0, 0, 0, 0, 0, 0, 0, 0, 0, 0, 0, 0, 0, 0, 0, 0, 0, 0, 0, 0, 0, 0, 0, 0, 0, 0, 0, 0, 0, 0, 0, 0, 0, 0, 0, 0, 0, 0, 0, 0, 0, 0, 0, 0, 0, 0, 0, 0, 0, 0, 0, 0, 0, 0, 0, 0, 0, 0, 0, 0, 0, 0, 0, 0, 0, 0, 0, 0, 0, 0, 0, 0, 0, 0, 0, 0, 0, 0, 0, 0, 0, 0, 0, 0, 0, 0, 0, 0, 0, 0, 0, 0, 0, 0, 0, 0, 0, 0, 0, 0, 0, 0, 0, 0, 0, 0, 0, 0, 0, 0, 0, 0, 0, 0, 0, 0, 0, 0, 0, 0, 0, 0, 0, 0, 0, 0, 0, 0, 0, 0, 0, 0, 0, 0, 0, 0, 0, 0, 0, 0, 0, 0, 0, 0, 0, 0, 0, 0, 0, 0, 0, 0, 0, 0, 0, 0, 0, 0, 0, 0, 0, 0, 0, 0, 0, 0, 0, 0, 0, 0, 0, 0, 0]
[2021-12-21 23:13:28,263] {subprocess.py:93} INFO - Command exited with return code 0
[2021-12-21 23:13:28,280] {taskinstance.py:1270} INFO - Marking task as SUCCESS. dag_id=data_pipeline, task_id=face_crop, execution_date=20211219T003000, start_date=20211221T141325, end_date=20211221T141328
[2021-12-21 23:13:28,309] {local_task_job.py:154} INFO - Task exited with return code 0
[2021-12-21 23:13:28,330] {local_task_job.py:264} INFO - 1 downstream tasks scheduled from follow-on schedule check
