[2021-12-22 17:11:58,992] {taskinstance.py:1035} INFO - Dependencies all met for <TaskInstance: data_pipeline1.sketch scheduled__2021-12-20T00:09:00+00:00 [queued]>
[2021-12-22 17:11:58,996] {taskinstance.py:1035} INFO - Dependencies all met for <TaskInstance: data_pipeline1.sketch scheduled__2021-12-20T00:09:00+00:00 [queued]>
[2021-12-22 17:11:58,996] {taskinstance.py:1241} INFO - 
--------------------------------------------------------------------------------
[2021-12-22 17:11:58,996] {taskinstance.py:1242} INFO - Starting attempt 1 of 4
[2021-12-22 17:11:58,996] {taskinstance.py:1243} INFO - 
--------------------------------------------------------------------------------
[2021-12-22 17:11:59,005] {taskinstance.py:1262} INFO - Executing <Task(BashOperator): sketch> on 2021-12-20 00:09:00+00:00
[2021-12-22 17:11:59,006] {standard_task_runner.py:52} INFO - Started process 18241 to run task
[2021-12-22 17:11:59,008] {standard_task_runner.py:76} INFO - Running: ['airflow', 'tasks', 'run', 'data_pipeline1', 'sketch', 'scheduled__2021-12-20T00:09:00+00:00', '--job-id', '62', '--raw', '--subdir', '/home/myamya/project/dockers/airflow/dags/hello_world.py', '--cfg-path', '/tmp/tmpsyphnpel', '--error-file', '/tmp/tmpg9aqj1et']
[2021-12-22 17:11:59,008] {standard_task_runner.py:77} INFO - Job 62: Subtask sketch
[2021-12-22 17:11:59,026] {logging_mixin.py:109} INFO - Running <TaskInstance: data_pipeline1.sketch scheduled__2021-12-20T00:09:00+00:00 [running]> on host myamya
[2021-12-22 17:11:59,048] {taskinstance.py:1412} INFO - Exporting the following env vars:
AIRFLOW_CTX_DAG_OWNER=yangjae
AIRFLOW_CTX_DAG_ID=data_pipeline1
AIRFLOW_CTX_TASK_ID=sketch
AIRFLOW_CTX_EXECUTION_DATE=2021-12-20T00:09:00+00:00
AIRFLOW_CTX_DAG_RUN_ID=scheduled__2021-12-20T00:09:00+00:00
[2021-12-22 17:11:59,048] {subprocess.py:62} INFO - Tmp dir root location: 
 /tmp
[2021-12-22 17:11:59,049] {subprocess.py:74} INFO - Running command: ['bash', '-c', 'docker run -it -v /home/myamya/project/image_files/:/home/myamya/project/image_files/ sketch:0.4 /bin/bash /home/myamya/project/init.sh ']
[2021-12-22 17:11:59,052] {subprocess.py:85} INFO - Output:
[2021-12-22 17:12:00,276] {subprocess.py:89} INFO - Traceback (most recent call last):
[2021-12-22 17:12:00,276] {subprocess.py:89} INFO -   File "./sketch_simplification/simplify.py", line 23, in <module>
[2021-12-22 17:12:00,276] {subprocess.py:89} INFO -     data  = Image.open( opt.img ).convert('L')
[2021-12-22 17:12:00,276] {subprocess.py:89} INFO -   File "/opt/conda/lib/python3.6/site-packages/PIL/Image.py", line 2580, in open
[2021-12-22 17:12:00,283] {subprocess.py:89} INFO -     fp = builtins.open(filename, "rb")
[2021-12-22 17:12:00,284] {subprocess.py:89} INFO - FileNotFoundError: [Errno 2] No such file or directory: '/home/myamya/project/image_files/sketched1/*'
[2021-12-22 17:12:00,537] {subprocess.py:93} INFO - Command exited with return code 1
[2021-12-22 17:12:00,538] {taskinstance.py:1686} ERROR - Task failed with exception
Traceback (most recent call last):
  File "/home/myamya/anaconda3/lib/python3.9/site-packages/airflow/models/taskinstance.py", line 1324, in _run_raw_task
    self._execute_task_with_callbacks(context)
  File "/home/myamya/anaconda3/lib/python3.9/site-packages/airflow/models/taskinstance.py", line 1443, in _execute_task_with_callbacks
    result = self._execute_task(context, self.task)
  File "/home/myamya/anaconda3/lib/python3.9/site-packages/airflow/models/taskinstance.py", line 1499, in _execute_task
    result = execute_callable(context=context)
  File "/home/myamya/anaconda3/lib/python3.9/site-packages/airflow/operators/bash.py", line 187, in execute
    raise AirflowException(
airflow.exceptions.AirflowException: Bash command failed. The command returned a non-zero exit code 1.
[2021-12-22 17:12:00,544] {taskinstance.py:1270} INFO - Marking task as UP_FOR_RETRY. dag_id=data_pipeline1, task_id=sketch, execution_date=20211220T000900, start_date=20211222T081158, end_date=20211222T081200
[2021-12-22 17:12:00,555] {standard_task_runner.py:88} ERROR - Failed to execute job 62 for task sketch
Traceback (most recent call last):
  File "/home/myamya/anaconda3/lib/python3.9/site-packages/airflow/task/task_runner/standard_task_runner.py", line 85, in _start_by_fork
    args.func(args, dag=self.dag)
  File "/home/myamya/anaconda3/lib/python3.9/site-packages/airflow/cli/cli_parser.py", line 48, in command
    return func(*args, **kwargs)
  File "/home/myamya/anaconda3/lib/python3.9/site-packages/airflow/utils/cli.py", line 92, in wrapper
    return f(*args, **kwargs)
  File "/home/myamya/anaconda3/lib/python3.9/site-packages/airflow/cli/commands/task_command.py", line 292, in task_run
    _run_task_by_selected_method(args, dag, ti)
  File "/home/myamya/anaconda3/lib/python3.9/site-packages/airflow/cli/commands/task_command.py", line 107, in _run_task_by_selected_method
    _run_raw_task(args, ti)
  File "/home/myamya/anaconda3/lib/python3.9/site-packages/airflow/cli/commands/task_command.py", line 180, in _run_raw_task
    ti._run_raw_task(
  File "/home/myamya/anaconda3/lib/python3.9/site-packages/airflow/utils/session.py", line 70, in wrapper
    return func(*args, session=session, **kwargs)
  File "/home/myamya/anaconda3/lib/python3.9/site-packages/airflow/models/taskinstance.py", line 1324, in _run_raw_task
    self._execute_task_with_callbacks(context)
  File "/home/myamya/anaconda3/lib/python3.9/site-packages/airflow/models/taskinstance.py", line 1443, in _execute_task_with_callbacks
    result = self._execute_task(context, self.task)
  File "/home/myamya/anaconda3/lib/python3.9/site-packages/airflow/models/taskinstance.py", line 1499, in _execute_task
    result = execute_callable(context=context)
  File "/home/myamya/anaconda3/lib/python3.9/site-packages/airflow/operators/bash.py", line 187, in execute
    raise AirflowException(
airflow.exceptions.AirflowException: Bash command failed. The command returned a non-zero exit code 1.
[2021-12-22 17:12:00,584] {local_task_job.py:154} INFO - Task exited with return code 1
[2021-12-22 17:12:00,625] {local_task_job.py:264} INFO - 0 downstream tasks scheduled from follow-on schedule check
