[2021-12-21 23:11:53,410] {taskinstance.py:1035} INFO - Dependencies all met for <TaskInstance: data_pipeline.sketch scheduled__2021-12-19T00:17:00+00:00 [queued]>
[2021-12-21 23:11:53,414] {taskinstance.py:1035} INFO - Dependencies all met for <TaskInstance: data_pipeline.sketch scheduled__2021-12-19T00:17:00+00:00 [queued]>
[2021-12-21 23:11:53,414] {taskinstance.py:1241} INFO - 
--------------------------------------------------------------------------------
[2021-12-21 23:11:53,414] {taskinstance.py:1242} INFO - Starting attempt 1 of 4
[2021-12-21 23:11:53,414] {taskinstance.py:1243} INFO - 
--------------------------------------------------------------------------------
[2021-12-21 23:11:53,422] {taskinstance.py:1262} INFO - Executing <Task(BashOperator): sketch> on 2021-12-19 00:17:00+00:00
[2021-12-21 23:11:53,424] {standard_task_runner.py:52} INFO - Started process 105128 to run task
[2021-12-21 23:11:53,426] {standard_task_runner.py:76} INFO - Running: ['airflow', 'tasks', 'run', 'data_pipeline', 'sketch', 'scheduled__2021-12-19T00:17:00+00:00', '--job-id', '208', '--raw', '--subdir', '/home/myamya/project/dockers/airflow/dags/hello_world.py', '--cfg-path', '/tmp/tmptv15pxq1', '--error-file', '/tmp/tmp_nbh25j2']
[2021-12-21 23:11:53,426] {standard_task_runner.py:77} INFO - Job 208: Subtask sketch
[2021-12-21 23:11:53,465] {logging_mixin.py:109} INFO - Running <TaskInstance: data_pipeline.sketch scheduled__2021-12-19T00:17:00+00:00 [running]> on host myamya
[2021-12-21 23:11:53,510] {taskinstance.py:1412} INFO - Exporting the following env vars:
AIRFLOW_CTX_DAG_OWNER=yangjae
AIRFLOW_CTX_DAG_ID=data_pipeline
AIRFLOW_CTX_TASK_ID=sketch
AIRFLOW_CTX_EXECUTION_DATE=2021-12-19T00:17:00+00:00
AIRFLOW_CTX_DAG_RUN_ID=scheduled__2021-12-19T00:17:00+00:00
[2021-12-21 23:11:53,511] {subprocess.py:62} INFO - Tmp dir root location: 
 /tmp
[2021-12-21 23:11:53,511] {subprocess.py:74} INFO - Running command: ['bash', '-c', 'docker run -it -v /home/myamya/project/image_files/:/home/myamya/project/image_files/ sketch:0.4 /bin/bash /home/myamya/project/init.sh ']
[2021-12-21 23:11:53,516] {subprocess.py:85} INFO - Output:
[2021-12-21 23:12:01,597] {subprocess.py:93} INFO - Command exited with return code 0
[2021-12-21 23:12:01,609] {taskinstance.py:1270} INFO - Marking task as SUCCESS. dag_id=data_pipeline, task_id=sketch, execution_date=20211219T001700, start_date=20211221T141153, end_date=20211221T141201
[2021-12-21 23:12:01,638] {local_task_job.py:154} INFO - Task exited with return code 0
[2021-12-21 23:12:01,658] {local_task_job.py:264} INFO - 1 downstream tasks scheduled from follow-on schedule check
