[2021-12-22 17:31:45,292] {taskinstance.py:1035} INFO - Dependencies all met for <TaskInstance: data_pipeline1.move_file scheduled__2021-12-20T00:17:00+00:00 [queued]>
[2021-12-22 17:31:45,296] {taskinstance.py:1035} INFO - Dependencies all met for <TaskInstance: data_pipeline1.move_file scheduled__2021-12-20T00:17:00+00:00 [queued]>
[2021-12-22 17:31:45,296] {taskinstance.py:1241} INFO - 
--------------------------------------------------------------------------------
[2021-12-22 17:31:45,297] {taskinstance.py:1242} INFO - Starting attempt 1 of 4
[2021-12-22 17:31:45,297] {taskinstance.py:1243} INFO - 
--------------------------------------------------------------------------------
[2021-12-22 17:31:45,305] {taskinstance.py:1262} INFO - Executing <Task(BashOperator): move_file> on 2021-12-20 00:17:00+00:00
[2021-12-22 17:31:45,307] {standard_task_runner.py:52} INFO - Started process 25672 to run task
[2021-12-22 17:31:45,309] {standard_task_runner.py:76} INFO - Running: ['airflow', 'tasks', 'run', 'data_pipeline1', 'move_file', 'scheduled__2021-12-20T00:17:00+00:00', '--job-id', '115', '--raw', '--subdir', '/home/myamya/project/dockers/airflow/dags/hello_world.py', '--cfg-path', '/tmp/tmppdd9boc7', '--error-file', '/tmp/tmp19fm4_71']
[2021-12-22 17:31:45,309] {standard_task_runner.py:77} INFO - Job 115: Subtask move_file
[2021-12-22 17:31:45,327] {logging_mixin.py:109} INFO - Running <TaskInstance: data_pipeline1.move_file scheduled__2021-12-20T00:17:00+00:00 [running]> on host myamya
[2021-12-22 17:31:45,347] {taskinstance.py:1412} INFO - Exporting the following env vars:
AIRFLOW_CTX_DAG_OWNER=yangjae
AIRFLOW_CTX_DAG_ID=data_pipeline1
AIRFLOW_CTX_TASK_ID=move_file
AIRFLOW_CTX_EXECUTION_DATE=2021-12-20T00:17:00+00:00
AIRFLOW_CTX_DAG_RUN_ID=scheduled__2021-12-20T00:17:00+00:00
[2021-12-22 17:31:45,347] {subprocess.py:62} INFO - Tmp dir root location: 
 /tmp
[2021-12-22 17:31:45,348] {subprocess.py:74} INFO - Running command: ['bash', '-c', 'cp /home/myamya/project/image_files/cropped_512_image/* /home/myamya/project/images/real/ | cp /home/myamya/project/image_files/sketched2/* /home/myamya/project/images/sketch/']
[2021-12-22 17:31:45,352] {subprocess.py:85} INFO - Output:
[2021-12-22 17:31:45,354] {subprocess.py:93} INFO - Command exited with return code 0
[2021-12-22 17:31:45,366] {taskinstance.py:1270} INFO - Marking task as SUCCESS. dag_id=data_pipeline1, task_id=move_file, execution_date=20211220T001700, start_date=20211222T083145, end_date=20211222T083145
[2021-12-22 17:31:45,401] {local_task_job.py:154} INFO - Task exited with return code 0
[2021-12-22 17:31:45,443] {local_task_job.py:264} INFO - 1 downstream tasks scheduled from follow-on schedule check
