[2021-12-21 23:12:14,943] {taskinstance.py:1035} INFO - Dependencies all met for <TaskInstance: data_pipeline.delete_past_images scheduled__2021-12-19T00:01:00+00:00 [queued]>
[2021-12-21 23:12:14,947] {taskinstance.py:1035} INFO - Dependencies all met for <TaskInstance: data_pipeline.delete_past_images scheduled__2021-12-19T00:01:00+00:00 [queued]>
[2021-12-21 23:12:14,947] {taskinstance.py:1241} INFO - 
--------------------------------------------------------------------------------
[2021-12-21 23:12:14,947] {taskinstance.py:1242} INFO - Starting attempt 2 of 4
[2021-12-21 23:12:14,947] {taskinstance.py:1243} INFO - 
--------------------------------------------------------------------------------
[2021-12-21 23:12:14,957] {taskinstance.py:1262} INFO - Executing <Task(BashOperator): delete_past_images> on 2021-12-19 00:01:00+00:00
[2021-12-21 23:12:14,961] {standard_task_runner.py:52} INFO - Started process 105396 to run task
[2021-12-21 23:12:14,965] {standard_task_runner.py:76} INFO - Running: ['airflow', 'tasks', 'run', 'data_pipeline', 'delete_past_images', 'scheduled__2021-12-19T00:01:00+00:00', '--job-id', '212', '--raw', '--subdir', '/home/myamya/project/dockers/airflow/dags/hello_world.py', '--cfg-path', '/tmp/tmpe0un6qjx', '--error-file', '/tmp/tmpgndgpf54']
[2021-12-21 23:12:14,966] {standard_task_runner.py:77} INFO - Job 212: Subtask delete_past_images
[2021-12-21 23:12:14,995] {logging_mixin.py:109} INFO - Running <TaskInstance: data_pipeline.delete_past_images scheduled__2021-12-19T00:01:00+00:00 [running]> on host myamya
[2021-12-21 23:12:15,020] {taskinstance.py:1412} INFO - Exporting the following env vars:
AIRFLOW_CTX_DAG_OWNER=yangjae
AIRFLOW_CTX_DAG_ID=data_pipeline
AIRFLOW_CTX_TASK_ID=delete_past_images
AIRFLOW_CTX_EXECUTION_DATE=2021-12-19T00:01:00+00:00
AIRFLOW_CTX_DAG_RUN_ID=scheduled__2021-12-19T00:01:00+00:00
[2021-12-21 23:12:15,021] {subprocess.py:62} INFO - Tmp dir root location: 
 /tmp
[2021-12-21 23:12:15,021] {subprocess.py:74} INFO - Running command: ['bash', '-c', '/bin/bash /home/myamya/project/image_files/delete.sh ']
[2021-12-21 23:12:15,025] {subprocess.py:85} INFO - Output:
[2021-12-21 23:12:15,029] {subprocess.py:93} INFO - Command exited with return code 0
[2021-12-21 23:12:15,044] {taskinstance.py:1270} INFO - Marking task as SUCCESS. dag_id=data_pipeline, task_id=delete_past_images, execution_date=20211219T000100, start_date=20211221T141214, end_date=20211221T141215
[2021-12-21 23:12:15,097] {local_task_job.py:154} INFO - Task exited with return code 0
[2021-12-21 23:12:15,127] {local_task_job.py:264} INFO - 0 downstream tasks scheduled from follow-on schedule check
