[2021-12-22 21:15:34,912] {taskinstance.py:1035} INFO - Dependencies all met for <TaskInstance: data_pipeline1.face_crop scheduled__2021-12-20T00:55:00+00:00 [queued]>
[2021-12-22 21:15:34,917] {taskinstance.py:1035} INFO - Dependencies all met for <TaskInstance: data_pipeline1.face_crop scheduled__2021-12-20T00:55:00+00:00 [queued]>
[2021-12-22 21:15:34,917] {taskinstance.py:1241} INFO - 
--------------------------------------------------------------------------------
[2021-12-22 21:15:34,917] {taskinstance.py:1242} INFO - Starting attempt 6 of 7
[2021-12-22 21:15:34,917] {taskinstance.py:1243} INFO - 
--------------------------------------------------------------------------------
[2021-12-22 21:15:34,926] {taskinstance.py:1262} INFO - Executing <Task(BashOperator): face_crop> on 2021-12-20 00:55:00+00:00
[2021-12-22 21:15:34,929] {standard_task_runner.py:52} INFO - Started process 47630 to run task
[2021-12-22 21:15:34,933] {standard_task_runner.py:76} INFO - Running: ['airflow', 'tasks', 'run', 'data_pipeline1', 'face_crop', 'scheduled__2021-12-20T00:55:00+00:00', '--job-id', '338', '--raw', '--subdir', '/home/myamya/project/dockers/airflow/dags/hello_world.py', '--cfg-path', '/tmp/tmp_3rxrqqo', '--error-file', '/tmp/tmpung8qol1']
[2021-12-22 21:15:34,934] {standard_task_runner.py:77} INFO - Job 338: Subtask face_crop
[2021-12-22 21:15:34,952] {logging_mixin.py:109} INFO - Running <TaskInstance: data_pipeline1.face_crop scheduled__2021-12-20T00:55:00+00:00 [running]> on host myamya
[2021-12-22 21:15:34,967] {taskinstance.py:1412} INFO - Exporting the following env vars:
AIRFLOW_CTX_DAG_OWNER=yangjae
AIRFLOW_CTX_DAG_ID=data_pipeline1
AIRFLOW_CTX_TASK_ID=face_crop
AIRFLOW_CTX_EXECUTION_DATE=2021-12-20T00:55:00+00:00
AIRFLOW_CTX_DAG_RUN_ID=scheduled__2021-12-20T00:55:00+00:00
[2021-12-22 21:15:34,968] {subprocess.py:62} INFO - Tmp dir root location: 
 /tmp
[2021-12-22 21:15:34,968] {subprocess.py:74} INFO - Running command: ['bash', '-c', 'docker run -it -v /home/myamya/project/image_files/:/home/myamya/project/image_files/ google_api:0.8 /bin/bash init.sh ']
[2021-12-22 21:15:34,972] {subprocess.py:85} INFO - Output:
[2021-12-22 21:15:35,715] {subprocess.py:89} INFO - 0
[2021-12-22 21:15:35,715] {subprocess.py:89} INFO - 2
[2021-12-22 21:15:35,715] {subprocess.py:89} INFO - 3
[2021-12-22 21:15:35,715] {subprocess.py:89} INFO - @@ /home/myamya/project/image_files/images/2272.jpg
[2021-12-22 21:15:36,820] {subprocess.py:89} INFO - [Info] /home/myamya/project/image_files/images/2272.jpg: Find face from in position [31, 39, 621, 725] and skew angle [0.83626616, 1.2407098, -0.2966359]
[2021-12-22 21:15:37,156] {subprocess.py:89} INFO - [Info]  /home/myamya/project/image_files/images/2272.jpg: Crop face [31, 39, 621, 725] and write it to file : /home/myamya/project/image_files/cropped_image/2272.jpg
[2021-12-22 21:15:37,156] {subprocess.py:89} INFO - training 1
[2021-12-22 21:15:37,156] {subprocess.py:89} INFO - @@ /home/myamya/project/image_files/images/2271.jpeg
[2021-12-22 21:15:37,662] {subprocess.py:89} INFO - [Info] /home/myamya/project/image_files/images/2271.jpeg: Find face from in position [11, 0, 200, 194] and skew angle [-2.1107311, -5.6347075, -0.2520895]
[2021-12-22 21:15:37,717] {subprocess.py:89} INFO - [Info]  /home/myamya/project/image_files/images/2271.jpeg: Crop face [11, 0, 200, 194] and write it to file : /home/myamya/project/image_files/cropped_image/2271.jpeg
[2021-12-22 21:15:37,717] {subprocess.py:89} INFO - ## label 1 has 1 of training data
[2021-12-22 21:15:37,717] {subprocess.py:89} INFO - number of datas per label  [1, 0, 0, 0, 0, 0, 0, 0, 0, 0, 0, 0, 0, 0, 0, 0, 0, 0, 0, 0, 0, 0, 0, 0, 0, 0, 0, 0, 0, 0, 0, 0, 0, 0, 0, 0, 0, 0, 0, 0, 0, 0, 0, 0, 0, 0, 0, 0, 0, 0, 0, 0, 0, 0, 0, 0, 0, 0, 0, 0, 0, 0, 0, 0, 0, 0, 0, 0, 0, 0, 0, 0, 0, 0, 0, 0, 0, 0, 0, 0, 0, 0, 0, 0, 0, 0, 0, 0, 0, 0, 0, 0, 0, 0, 0, 0, 0, 0, 0, 0, 0, 0, 0, 0, 0, 0, 0, 0, 0, 0, 0, 0, 0, 0, 0, 0, 0, 0, 0, 0, 0, 0, 0, 0, 0, 0, 0, 0, 0, 0, 0, 0, 0, 0, 0, 0, 0, 0, 0, 0, 0, 0, 0, 0, 0, 0, 0, 0, 0, 0, 0, 0, 0, 0, 0, 0, 0, 0, 0, 0, 0, 0, 0, 0, 0, 0, 0, 0, 0, 0, 0, 0, 0, 0, 0, 0, 0, 0, 0, 0, 0, 0, 0, 0, 0, 0, 0, 0, 0, 0, 0, 0, 0, 0, 0, 0, 0, 0, 0, 0, 0, 0, 0, 0, 0, 0, 0, 0, 0, 0, 0, 0, 0, 0, 0, 0, 0, 0, 0, 0, 0, 0, 0, 0, 0, 0, 0, 0, 0, 0, 0, 0, 0, 0, 0, 0, 0, 0, 0, 0, 0, 0, 0, 0, 0, 0, 0, 0, 0, 0, 0, 0, 0, 0, 0, 0, 0, 0, 0, 0, 0, 0, 0, 0, 0, 0, 0, 0, 0, 0, 0, 0, 0, 0, 0, 0, 0, 0, 0, 0, 0, 0, 0, 0, 0, 0, 0, 0, 0, 0, 0, 0, 0, 0, 0, 0, 0, 0, 0, 0, 0, 0, 0, 0, 0, 0, 0, 0, 0, 0, 0, 0, 0, 0, 0, 0, 0, 0, 0, 0, 0, 0, 0, 0, 0, 0, 0, 0, 0, 0, 0, 0, 0, 0, 0, 0, 0, 0, 0, 0, 0, 0, 0, 0, 0, 0, 0, 0, 0, 0, 0, 0, 0, 0, 0, 0, 0, 0, 0, 0, 0, 0, 0, 0, 0, 0, 0, 0, 0, 0, 0, 0, 0, 0, 0, 0, 0, 0, 0, 0, 0, 0, 0, 0, 0, 0, 0, 0, 0, 0, 0, 0, 0, 0, 0, 0, 0, 0, 0, 0, 0, 0, 0, 0, 0, 0, 0, 0, 0, 0, 0, 0, 0, 0, 0, 0, 0, 0, 0, 0, 0, 0, 0, 0, 0, 0, 0, 0, 0, 0, 0, 0, 0, 0, 0, 0, 0, 0, 0, 0, 0, 0, 0, 0, 0, 0, 0, 0, 0, 0, 0, 0, 0, 0, 0, 0, 0, 0, 0, 0, 0, 0, 0, 0, 0, 0, 0, 0, 0, 0, 0, 0, 0, 0, 0, 0, 0, 0, 0, 0, 0, 0, 0, 0, 0, 0, 0, 0, 0, 0, 0, 0, 0, 0, 0, 0, 0, 0, 0, 0, 0, 0, 0, 0, 0, 0, 0, 0, 0, 0, 0, 0, 0, 0, 0, 0, 0, 0, 0, 0, 0, 0, 0, 0, 0, 0, 0, 0, 0, 0, 0, 0, 0, 0, 0, 0, 0, 0, 0, 0, 0, 0, 0, 0, 0, 0, 0, 0, 0, 0, 0, 0, 0, 0, 0, 0, 0, 0, 0, 0, 0, 0, 0, 0, 0, 0, 0, 0, 0, 0, 0, 0, 0, 0, 0, 0, 0, 0, 0, 0, 0, 0, 0, 0, 0, 0, 0, 0, 0, 0, 0, 0, 0, 0, 0, 0, 0, 0, 0, 0, 0, 0, 0, 0, 0, 0, 0, 0, 0, 0, 0, 0, 0, 0, 0, 0, 0, 0, 0, 0, 0, 0, 0, 0, 0, 0, 0, 0, 0, 0, 0, 0, 0, 0, 0, 0, 0, 0, 0, 0, 0, 0, 0, 0, 0, 0, 0, 0, 0, 0, 0, 0, 0, 0, 0, 0, 0, 0, 0, 0, 0, 0, 0, 0, 0, 0, 0, 0, 0, 0, 0, 0, 0, 0, 0, 0, 0, 0, 0, 0, 0, 0, 0, 0, 0, 0, 0, 0, 0, 0, 0, 0, 0, 0, 0, 0, 0, 0, 0, 0, 0, 0, 0, 0, 0, 0, 0, 0, 0, 0, 0, 0, 0, 0, 0, 0, 0, 0, 0, 0, 0, 0, 0, 0, 0, 0, 0, 0, 0, 0, 0, 0, 0, 0, 0, 0, 0, 0, 0, 0, 0, 0, 0, 0, 0, 0, 0, 0, 0, 0, 0, 0, 0, 0, 0, 0, 0, 0, 0, 0, 0, 0, 0, 0, 0, 0, 0, 0, 0, 0, 0, 0, 0, 0, 0, 0, 0, 0, 0, 0, 0, 0, 0, 0, 0, 0, 0, 0, 0, 0, 0, 0, 0, 0, 0, 0, 0, 0, 0, 0, 0, 0, 0, 0, 0, 0, 0, 0, 0, 0, 0, 0, 0, 0, 0, 0, 0, 0, 0, 0, 0, 0, 0, 0, 0, 0, 0, 0, 0, 0, 0, 0, 0, 0, 0, 0, 0, 0, 0, 0, 0, 0, 0, 0, 0, 0, 0, 0, 0, 0, 0, 0, 0, 0, 0, 0, 0, 0, 0, 0, 0, 0, 0, 0, 0, 0, 0, 0, 0, 0, 0, 0, 0, 0, 0, 0, 0, 0, 0, 0, 0, 0, 0, 0, 0, 0, 0, 0, 0, 0, 0, 0, 0, 0, 0, 0, 0, 0, 0, 0, 0, 0, 0, 0, 0, 0, 0, 0, 0, 0, 0, 0, 0, 0, 0, 0, 0, 0, 0, 0, 0, 0, 0, 0, 0, 0, 0, 0, 0, 0, 0, 0, 0, 0, 0, 0, 0, 0, 0, 0, 0, 0, 0, 0, 0, 0, 0, 0, 0, 0, 0, 0, 0, 0, 0, 0, 0, 0, 0, 0, 0, 0, 0, 0, 0, 0, 0, 0, 0, 0, 0, 0, 0, 0, 0, 0, 0, 0, 0, 0, 0, 0, 0, 0, 0, 0, 0, 0, 0, 0, 0, 0, 0, 0, 0, 0, 0, 0, 0, 0]
[2021-12-22 21:15:37,983] {subprocess.py:93} INFO - Command exited with return code 0
[2021-12-22 21:15:38,002] {taskinstance.py:1270} INFO - Marking task as SUCCESS. dag_id=data_pipeline1, task_id=face_crop, execution_date=20211220T005500, start_date=20211222T121534, end_date=20211222T121538
[2021-12-22 21:15:38,037] {local_task_job.py:154} INFO - Task exited with return code 0
[2021-12-22 21:15:38,063] {local_task_job.py:264} INFO - 1 downstream tasks scheduled from follow-on schedule check
