[2021-12-21 23:12:02,831] {taskinstance.py:1035} INFO - Dependencies all met for <TaskInstance: data_pipeline.move_file scheduled__2021-12-19T00:16:00+00:00 [queued]>
[2021-12-21 23:12:02,835] {taskinstance.py:1035} INFO - Dependencies all met for <TaskInstance: data_pipeline.move_file scheduled__2021-12-19T00:16:00+00:00 [queued]>
[2021-12-21 23:12:02,835] {taskinstance.py:1241} INFO - 
--------------------------------------------------------------------------------
[2021-12-21 23:12:02,835] {taskinstance.py:1242} INFO - Starting attempt 2 of 4
[2021-12-21 23:12:02,835] {taskinstance.py:1243} INFO - 
--------------------------------------------------------------------------------
[2021-12-21 23:12:02,845] {taskinstance.py:1262} INFO - Executing <Task(BashOperator): move_file> on 2021-12-19 00:16:00+00:00
[2021-12-21 23:12:02,847] {standard_task_runner.py:52} INFO - Started process 105254 to run task
[2021-12-21 23:12:02,849] {standard_task_runner.py:76} INFO - Running: ['airflow', 'tasks', 'run', 'data_pipeline', 'move_file', 'scheduled__2021-12-19T00:16:00+00:00', '--job-id', '209', '--raw', '--subdir', '/home/myamya/project/dockers/airflow/dags/hello_world.py', '--cfg-path', '/tmp/tmp1x0ghe5c', '--error-file', '/tmp/tmpylve7y_3']
[2021-12-21 23:12:02,849] {standard_task_runner.py:77} INFO - Job 209: Subtask move_file
[2021-12-21 23:12:02,866] {logging_mixin.py:109} INFO - Running <TaskInstance: data_pipeline.move_file scheduled__2021-12-19T00:16:00+00:00 [running]> on host myamya
[2021-12-21 23:12:02,883] {taskinstance.py:1412} INFO - Exporting the following env vars:
AIRFLOW_CTX_DAG_OWNER=yangjae
AIRFLOW_CTX_DAG_ID=data_pipeline
AIRFLOW_CTX_TASK_ID=move_file
AIRFLOW_CTX_EXECUTION_DATE=2021-12-19T00:16:00+00:00
AIRFLOW_CTX_DAG_RUN_ID=scheduled__2021-12-19T00:16:00+00:00
[2021-12-21 23:12:02,884] {subprocess.py:62} INFO - Tmp dir root location: 
 /tmp
[2021-12-21 23:12:02,884] {subprocess.py:74} INFO - Running command: ['bash', '-c', 'cp /home/myamya/project/image_files/cropped_512_image/* /home/myamya/project/images/real/ | cp /home/myamya/project/image_files/sketched2/* /home/myamya/project/images/sketch/']
[2021-12-21 23:12:02,888] {subprocess.py:85} INFO - Output:
[2021-12-21 23:12:02,890] {subprocess.py:93} INFO - Command exited with return code 0
[2021-12-21 23:12:02,902] {taskinstance.py:1270} INFO - Marking task as SUCCESS. dag_id=data_pipeline, task_id=move_file, execution_date=20211219T001600, start_date=20211221T141202, end_date=20211221T141202
[2021-12-21 23:12:02,940] {local_task_job.py:154} INFO - Task exited with return code 0
[2021-12-21 23:12:02,959] {local_task_job.py:264} INFO - 1 downstream tasks scheduled from follow-on schedule check
