[2021-12-22 22:04:52,257] {taskinstance.py:1035} INFO - Dependencies all met for <TaskInstance: data_pipeline1.face_crop scheduled__2021-12-22T00:00:00+00:00 [queued]>
[2021-12-22 22:04:52,261] {taskinstance.py:1035} INFO - Dependencies all met for <TaskInstance: data_pipeline1.face_crop scheduled__2021-12-22T00:00:00+00:00 [queued]>
[2021-12-22 22:04:52,261] {taskinstance.py:1241} INFO - 
--------------------------------------------------------------------------------
[2021-12-22 22:04:52,261] {taskinstance.py:1242} INFO - Starting attempt 2 of 4
[2021-12-22 22:04:52,261] {taskinstance.py:1243} INFO - 
--------------------------------------------------------------------------------
[2021-12-22 22:04:52,271] {taskinstance.py:1262} INFO - Executing <Task(BashOperator): face_crop> on 2021-12-22 00:00:00+00:00
[2021-12-22 22:04:52,273] {standard_task_runner.py:52} INFO - Started process 53918 to run task
[2021-12-22 22:04:52,275] {standard_task_runner.py:76} INFO - Running: ['airflow', 'tasks', 'run', 'data_pipeline1', 'face_crop', 'scheduled__2021-12-22T00:00:00+00:00', '--job-id', '381', '--raw', '--subdir', '/home/myamya/project/dockers/airflow/dags/hello_world.py', '--cfg-path', '/tmp/tmpitvc0v3t', '--error-file', '/tmp/tmprwuly1mn']
[2021-12-22 22:04:52,275] {standard_task_runner.py:77} INFO - Job 381: Subtask face_crop
[2021-12-22 22:04:52,292] {logging_mixin.py:109} INFO - Running <TaskInstance: data_pipeline1.face_crop scheduled__2021-12-22T00:00:00+00:00 [running]> on host myamya
[2021-12-22 22:04:52,326] {taskinstance.py:1412} INFO - Exporting the following env vars:
AIRFLOW_CTX_DAG_OWNER=yangjae
AIRFLOW_CTX_DAG_ID=data_pipeline1
AIRFLOW_CTX_TASK_ID=face_crop
AIRFLOW_CTX_EXECUTION_DATE=2021-12-22T00:00:00+00:00
AIRFLOW_CTX_DAG_RUN_ID=scheduled__2021-12-22T00:00:00+00:00
[2021-12-22 22:04:52,327] {subprocess.py:62} INFO - Tmp dir root location: 
 /tmp
[2021-12-22 22:04:52,328] {subprocess.py:74} INFO - Running command: ['bash', '-c', 'docker run -it -v /home/myamya/project/image_files/:/home/myamya/project/image_files/ google_api:0.8 /bin/bash init.sh ']
[2021-12-22 22:04:52,334] {subprocess.py:85} INFO - Output:
[2021-12-22 22:04:53,104] {subprocess.py:89} INFO - 0
[2021-12-22 22:04:53,104] {subprocess.py:89} INFO - 2
[2021-12-22 22:04:53,104] {subprocess.py:89} INFO - 3
[2021-12-22 22:04:53,104] {subprocess.py:89} INFO - @@ /home/myamya/project/image_files/images/2279.jpeg
[2021-12-22 22:04:54,042] {subprocess.py:89} INFO - [Info] /home/myamya/project/image_files/images/2279.jpeg: Find face from in position [68, 12, 189, 152] and skew angle [0.28317952, -2.8605196, 2.94298]
[2021-12-22 22:04:54,091] {subprocess.py:89} INFO - [Info]  /home/myamya/project/image_files/images/2279.jpeg: Crop face [68, 12, 189, 152] and write it to file : /home/myamya/project/image_files/cropped_image/2279.jpeg
[2021-12-22 22:04:54,091] {subprocess.py:89} INFO - training 1
[2021-12-22 22:04:54,091] {subprocess.py:89} INFO - @@ /home/myamya/project/image_files/images/2277.jpeg
[2021-12-22 22:04:54,554] {subprocess.py:89} INFO - [Info] /home/myamya/project/image_files/images/2277.jpeg: Find face from in position [36, 37, 150, 170] and skew angle [-3.5809736, -0.1457685, 0.9771827]
[2021-12-22 22:04:54,609] {subprocess.py:89} INFO - [Info]  /home/myamya/project/image_files/images/2277.jpeg: Crop face [36, 37, 150, 170] and write it to file : /home/myamya/project/image_files/cropped_image/2277.jpeg
[2021-12-22 22:04:54,610] {subprocess.py:89} INFO - training 2
[2021-12-22 22:04:54,610] {subprocess.py:89} INFO - @@ /home/myamya/project/image_files/images/2278.jpg
[2021-12-22 22:04:55,227] {subprocess.py:89} INFO - [Info] /home/myamya/project/image_files/images/2278.jpg: Find face from in position [332, 44, 514, 256] and skew angle [17.461588, -5.58305, -1.3903948]
[2021-12-22 22:04:55,418] {subprocess.py:89} INFO - [Info]  /home/myamya/project/image_files/images/2278.jpg: Crop face [332, 44, 514, 256] and write it to file : /home/myamya/project/image_files/cropped_image/2278.jpg
[2021-12-22 22:04:55,419] {subprocess.py:89} INFO - training 3
[2021-12-22 22:04:55,419] {subprocess.py:89} INFO - ## label 1 has 3 of training data
[2021-12-22 22:04:55,426] {subprocess.py:89} INFO - number of datas per label  [3, 0, 0, 0, 0, 0, 0, 0, 0, 0, 0, 0, 0, 0, 0, 0, 0, 0, 0, 0, 0, 0, 0, 0, 0, 0, 0, 0, 0, 0, 0, 0, 0, 0, 0, 0, 0, 0, 0, 0, 0, 0, 0, 0, 0, 0, 0, 0, 0, 0, 0, 0, 0, 0, 0, 0, 0, 0, 0, 0, 0, 0, 0, 0, 0, 0, 0, 0, 0, 0, 0, 0, 0, 0, 0, 0, 0, 0, 0, 0, 0, 0, 0, 0, 0, 0, 0, 0, 0, 0, 0, 0, 0, 0, 0, 0, 0, 0, 0, 0, 0, 0, 0, 0, 0, 0, 0, 0, 0, 0, 0, 0, 0, 0, 0, 0, 0, 0, 0, 0, 0, 0, 0, 0, 0, 0, 0, 0, 0, 0, 0, 0, 0, 0, 0, 0, 0, 0, 0, 0, 0, 0, 0, 0, 0, 0, 0, 0, 0, 0, 0, 0, 0, 0, 0, 0, 0, 0, 0, 0, 0, 0, 0, 0, 0, 0, 0, 0, 0, 0, 0, 0, 0, 0, 0, 0, 0, 0, 0, 0, 0, 0, 0, 0, 0, 0, 0, 0, 0, 0, 0, 0, 0, 0, 0, 0, 0, 0, 0, 0, 0, 0, 0, 0, 0, 0, 0, 0, 0, 0, 0, 0, 0, 0, 0, 0, 0, 0, 0, 0, 0, 0, 0, 0, 0, 0, 0, 0, 0, 0, 0, 0, 0, 0, 0, 0, 0, 0, 0, 0, 0, 0, 0, 0, 0, 0, 0, 0, 0, 0, 0, 0, 0, 0, 0, 0, 0, 0, 0, 0, 0, 0, 0, 0, 0, 0, 0, 0, 0, 0, 0, 0, 0, 0, 0, 0, 0, 0, 0, 0, 0, 0, 0, 0, 0, 0, 0, 0, 0, 0, 0, 0, 0, 0, 0, 0, 0, 0, 0, 0, 0, 0, 0, 0, 0, 0, 0, 0, 0, 0, 0, 0, 0, 0, 0, 0, 0, 0, 0, 0, 0, 0, 0, 0, 0, 0, 0, 0, 0, 0, 0, 0, 0, 0, 0, 0, 0, 0, 0, 0, 0, 0, 0, 0, 0, 0, 0, 0, 0, 0, 0, 0, 0, 0, 0, 0, 0, 0, 0, 0, 0, 0, 0, 0, 0, 0, 0, 0, 0, 0, 0, 0, 0, 0, 0, 0, 0, 0, 0, 0, 0, 0, 0, 0, 0, 0, 0, 0, 0, 0, 0, 0, 0, 0, 0, 0, 0, 0, 0, 0, 0, 0, 0, 0, 0, 0, 0, 0, 0, 0, 0, 0, 0, 0, 0, 0, 0, 0, 0, 0, 0, 0, 0, 0, 0, 0, 0, 0, 0, 0, 0, 0, 0, 0, 0, 0, 0, 0, 0, 0, 0, 0, 0, 0, 0, 0, 0, 0, 0, 0, 0, 0, 0, 0, 0, 0, 0, 0, 0, 0, 0, 0, 0, 0, 0, 0, 0, 0, 0, 0, 0, 0, 0, 0, 0, 0, 0, 0, 0, 0, 0, 0, 0, 0, 0, 0, 0, 0, 0, 0, 0, 0, 0, 0, 0, 0, 0, 0, 0, 0, 0, 0, 0, 0, 0, 0, 0, 0, 0, 0, 0, 0, 0, 0, 0, 0, 0, 0, 0, 0, 0, 0, 0, 0, 0, 0, 0, 0, 0, 0, 0, 0, 0, 0, 0, 0, 0, 0, 0, 0, 0, 0, 0, 0, 0, 0, 0, 0, 0, 0, 0, 0, 0, 0, 0, 0, 0, 0, 0, 0, 0, 0, 0, 0, 0, 0, 0, 0, 0, 0, 0, 0, 0, 0, 0, 0, 0, 0, 0, 0, 0, 0, 0, 0, 0, 0, 0, 0, 0, 0, 0, 0, 0, 0, 0, 0, 0, 0, 0, 0, 0, 0, 0, 0, 0, 0, 0, 0, 0, 0, 0, 0, 0, 0, 0, 0, 0, 0, 0, 0, 0, 0, 0, 0, 0, 0, 0, 0, 0, 0, 0, 0, 0, 0, 0, 0, 0, 0, 0, 0, 0, 0, 0, 0, 0, 0, 0, 0, 0, 0, 0, 0, 0, 0, 0, 0, 0, 0, 0, 0, 0, 0, 0, 0, 0, 0, 0, 0, 0, 0, 0, 0, 0, 0, 0, 0, 0, 0, 0, 0, 0, 0, 0, 0, 0, 0, 0, 0, 0, 0, 0, 0, 0, 0, 0, 0, 0, 0, 0, 0, 0, 0, 0, 0, 0, 0, 0, 0, 0, 0, 0, 0, 0, 0, 0, 0, 0, 0, 0, 0, 0, 0, 0, 0, 0, 0, 0, 0, 0, 0, 0, 0, 0, 0, 0, 0, 0, 0, 0, 0, 0, 0, 0, 0, 0, 0, 0, 0, 0, 0, 0, 0, 0, 0, 0, 0, 0, 0, 0, 0, 0, 0, 0, 0, 0, 0, 0, 0, 0, 0, 0, 0, 0, 0, 0, 0, 0, 0, 0, 0, 0, 0, 0, 0, 0, 0, 0, 0, 0, 0, 0, 0, 0, 0, 0, 0, 0, 0, 0, 0, 0, 0, 0, 0, 0, 0, 0, 0, 0, 0, 0, 0, 0, 0, 0, 0, 0, 0, 0, 0, 0, 0, 0, 0, 0, 0, 0, 0, 0, 0, 0, 0, 0, 0, 0, 0, 0, 0, 0, 0, 0, 0, 0, 0, 0, 0, 0, 0, 0, 0, 0, 0, 0, 0, 0, 0, 0, 0, 0, 0, 0, 0, 0, 0, 0, 0, 0, 0, 0, 0, 0, 0, 0, 0, 0, 0, 0, 0, 0, 0, 0, 0, 0, 0, 0, 0, 0, 0, 0, 0, 0, 0, 0, 0, 0, 0, 0, 0, 0, 0, 0, 0, 0, 0, 0, 0, 0, 0, 0, 0, 0, 0, 0, 0, 0, 0, 0, 0, 0, 0, 0, 0, 0, 0, 0, 0, 0, 0, 0, 0, 0, 0, 0, 0, 0, 0, 0, 0, 0, 0, 0, 0, 0, 0, 0, 0, 0, 0, 0, 0, 0, 0, 0, 0, 0, 0, 0, 0, 0, 0, 0, 0, 0, 0, 0, 0, 0, 0, 0, 0, 0, 0, 0, 0, 0, 0, 0, 0, 0, 0, 0, 0, 0, 0, 0, 0, 0, 0, 0, 0, 0, 0, 0, 0, 0, 0, 0, 0, 0, 0]
[2021-12-22 22:04:55,666] {subprocess.py:93} INFO - Command exited with return code 0
[2021-12-22 22:04:55,684] {taskinstance.py:1270} INFO - Marking task as SUCCESS. dag_id=data_pipeline1, task_id=face_crop, execution_date=20211222T000000, start_date=20211222T130452, end_date=20211222T130455
[2021-12-22 22:04:55,702] {local_task_job.py:154} INFO - Task exited with return code 0
[2021-12-22 22:04:55,719] {local_task_job.py:264} INFO - 1 downstream tasks scheduled from follow-on schedule check
