[2021-12-21 04:30:21,465] {taskinstance.py:1035} INFO - Dependencies all met for <TaskInstance: hello_world.print_world scheduled__2021-12-18T06:00:00+00:00 [queued]>
[2021-12-21 04:30:21,469] {taskinstance.py:1035} INFO - Dependencies all met for <TaskInstance: hello_world.print_world scheduled__2021-12-18T06:00:00+00:00 [queued]>
[2021-12-21 04:30:21,469] {taskinstance.py:1241} INFO - 
--------------------------------------------------------------------------------
[2021-12-21 04:30:21,469] {taskinstance.py:1242} INFO - Starting attempt 1 of 4
[2021-12-21 04:30:21,469] {taskinstance.py:1243} INFO - 
--------------------------------------------------------------------------------
[2021-12-21 04:30:21,481] {taskinstance.py:1262} INFO - Executing <Task(PythonOperator): print_world> on 2021-12-18 06:00:00+00:00
[2021-12-21 04:30:21,482] {standard_task_runner.py:52} INFO - Started process 38772 to run task
[2021-12-21 04:30:21,484] {standard_task_runner.py:76} INFO - Running: ['airflow', 'tasks', 'run', 'hello_world', 'print_world', 'scheduled__2021-12-18T06:00:00+00:00', '--job-id', '10', '--raw', '--subdir', '/home/myamya/project/dockers/airflow/dags/hello_world.py', '--cfg-path', '/tmp/tmplvl28p6r', '--error-file', '/tmp/tmpocb0fuw2']
[2021-12-21 04:30:21,485] {standard_task_runner.py:77} INFO - Job 10: Subtask print_world
[2021-12-21 04:30:21,502] {logging_mixin.py:109} INFO - Running <TaskInstance: hello_world.print_world scheduled__2021-12-18T06:00:00+00:00 [running]> on host myamya
[2021-12-21 04:30:21,523] {taskinstance.py:1412} INFO - Exporting the following env vars:
AIRFLOW_CTX_DAG_OWNER=heumsi
AIRFLOW_CTX_DAG_ID=hello_world
AIRFLOW_CTX_TASK_ID=print_world
AIRFLOW_CTX_EXECUTION_DATE=2021-12-18T06:00:00+00:00
AIRFLOW_CTX_DAG_RUN_ID=scheduled__2021-12-18T06:00:00+00:00
[2021-12-21 04:30:21,524] {logging_mixin.py:109} INFO - world
[2021-12-21 04:30:21,524] {python.py:152} INFO - Done. Returned value was: None
[2021-12-21 04:30:21,526] {taskinstance.py:1270} INFO - Marking task as SUCCESS. dag_id=hello_world, task_id=print_world, execution_date=20211218T060000, start_date=20211220T193021, end_date=20211220T193021
[2021-12-21 04:30:21,576] {local_task_job.py:154} INFO - Task exited with return code 0
[2021-12-21 04:30:21,590] {local_task_job.py:264} INFO - 0 downstream tasks scheduled from follow-on schedule check
