[2021-12-22 21:21:22,677] {taskinstance.py:1035} INFO - Dependencies all met for <TaskInstance: data_pipeline1.move_file scheduled__2021-12-20T00:54:00+00:00 [queued]>
[2021-12-22 21:21:22,680] {taskinstance.py:1035} INFO - Dependencies all met for <TaskInstance: data_pipeline1.move_file scheduled__2021-12-20T00:54:00+00:00 [queued]>
[2021-12-22 21:21:22,680] {taskinstance.py:1241} INFO - 
--------------------------------------------------------------------------------
[2021-12-22 21:21:22,680] {taskinstance.py:1242} INFO - Starting attempt 4 of 7
[2021-12-22 21:21:22,680] {taskinstance.py:1243} INFO - 
--------------------------------------------------------------------------------
[2021-12-22 21:21:22,689] {taskinstance.py:1262} INFO - Executing <Task(BashOperator): move_file> on 2021-12-20 00:54:00+00:00
[2021-12-22 21:21:22,691] {standard_task_runner.py:52} INFO - Started process 49499 to run task
[2021-12-22 21:21:22,692] {standard_task_runner.py:76} INFO - Running: ['airflow', 'tasks', 'run', 'data_pipeline1', 'move_file', 'scheduled__2021-12-20T00:54:00+00:00', '--job-id', '355', '--raw', '--subdir', '/home/myamya/project/dockers/airflow/dags/hello_world.py', '--cfg-path', '/tmp/tmplu0j3m46', '--error-file', '/tmp/tmpicc7pbhx']
[2021-12-22 21:21:22,693] {standard_task_runner.py:77} INFO - Job 355: Subtask move_file
[2021-12-22 21:21:22,710] {logging_mixin.py:109} INFO - Running <TaskInstance: data_pipeline1.move_file scheduled__2021-12-20T00:54:00+00:00 [running]> on host myamya
[2021-12-22 21:21:22,725] {taskinstance.py:1412} INFO - Exporting the following env vars:
AIRFLOW_CTX_DAG_OWNER=yangjae
AIRFLOW_CTX_DAG_ID=data_pipeline1
AIRFLOW_CTX_TASK_ID=move_file
AIRFLOW_CTX_EXECUTION_DATE=2021-12-20T00:54:00+00:00
AIRFLOW_CTX_DAG_RUN_ID=scheduled__2021-12-20T00:54:00+00:00
[2021-12-22 21:21:22,726] {subprocess.py:62} INFO - Tmp dir root location: 
 /tmp
[2021-12-22 21:21:22,726] {subprocess.py:74} INFO - Running command: ['bash', '-c', 'cp /home/myamya/project/image_files/cropped_512_image/* /home/myamya/project/images/real/ | cp /home/myamya/project/image_files/sketched2/* /home/myamya/project/images/sketch/']
[2021-12-22 21:21:22,730] {subprocess.py:85} INFO - Output:
[2021-12-22 21:21:22,732] {subprocess.py:93} INFO - Command exited with return code 0
[2021-12-22 21:21:22,743] {taskinstance.py:1270} INFO - Marking task as SUCCESS. dag_id=data_pipeline1, task_id=move_file, execution_date=20211220T005400, start_date=20211222T122122, end_date=20211222T122122
[2021-12-22 21:21:22,784] {local_task_job.py:154} INFO - Task exited with return code 0
[2021-12-22 21:21:22,800] {local_task_job.py:264} INFO - 1 downstream tasks scheduled from follow-on schedule check
