[2021-12-22 17:09:02,827] {taskinstance.py:1035} INFO - Dependencies all met for <TaskInstance: data_pipeline1.face_crop scheduled__2021-12-20T00:10:00+00:00 [queued]>
[2021-12-22 17:09:02,831] {taskinstance.py:1035} INFO - Dependencies all met for <TaskInstance: data_pipeline1.face_crop scheduled__2021-12-20T00:10:00+00:00 [queued]>
[2021-12-22 17:09:02,831] {taskinstance.py:1241} INFO - 
--------------------------------------------------------------------------------
[2021-12-22 17:09:02,831] {taskinstance.py:1242} INFO - Starting attempt 1 of 4
[2021-12-22 17:09:02,831] {taskinstance.py:1243} INFO - 
--------------------------------------------------------------------------------
[2021-12-22 17:09:02,845] {taskinstance.py:1262} INFO - Executing <Task(BashOperator): face_crop> on 2021-12-20 00:10:00+00:00
[2021-12-22 17:09:02,846] {standard_task_runner.py:52} INFO - Started process 12892 to run task
[2021-12-22 17:09:02,848] {standard_task_runner.py:76} INFO - Running: ['airflow', 'tasks', 'run', 'data_pipeline1', 'face_crop', 'scheduled__2021-12-20T00:10:00+00:00', '--job-id', '51', '--raw', '--subdir', '/home/myamya/project/dockers/airflow/dags/hello_world.py', '--cfg-path', '/tmp/tmpthh1ec5x', '--error-file', '/tmp/tmp46ezx3nj']
[2021-12-22 17:09:02,848] {standard_task_runner.py:77} INFO - Job 51: Subtask face_crop
[2021-12-22 17:09:02,894] {logging_mixin.py:109} INFO - Running <TaskInstance: data_pipeline1.face_crop scheduled__2021-12-20T00:10:00+00:00 [running]> on host myamya
[2021-12-22 17:09:02,925] {taskinstance.py:1412} INFO - Exporting the following env vars:
AIRFLOW_CTX_DAG_OWNER=yangjae
AIRFLOW_CTX_DAG_ID=data_pipeline1
AIRFLOW_CTX_TASK_ID=face_crop
AIRFLOW_CTX_EXECUTION_DATE=2021-12-20T00:10:00+00:00
AIRFLOW_CTX_DAG_RUN_ID=scheduled__2021-12-20T00:10:00+00:00
[2021-12-22 17:09:02,926] {subprocess.py:62} INFO - Tmp dir root location: 
 /tmp
[2021-12-22 17:09:02,926] {subprocess.py:74} INFO - Running command: ['bash', '-c', 'docker run -it -v /home/myamya/project/image_files/:/home/myamya/project/image_files/ google_api:0.8 /bin/bash init.sh ']
[2021-12-22 17:09:02,930] {subprocess.py:85} INFO - Output:
[2021-12-22 17:09:03,906] {subprocess.py:89} INFO - 0
[2021-12-22 17:09:03,906] {subprocess.py:89} INFO - 2
[2021-12-22 17:09:03,906] {subprocess.py:89} INFO - 3
[2021-12-22 17:09:03,906] {subprocess.py:89} INFO - @@ /home/myamya/project/image_files/images/1.jpeg
[2021-12-22 17:09:05,001] {subprocess.py:89} INFO - [Info] /home/myamya/project/image_files/images/1.jpeg: Find face from in position [133, 48, 844, 875] and skew angle [-0.20883362, 0.14810006, -3.5433183]
[2021-12-22 17:09:05,350] {subprocess.py:89} INFO - [Info]  /home/myamya/project/image_files/images/1.jpeg: Crop face [133, 48, 844, 875] and write it to file : /home/myamya/project/image_files/cropped_image/1.jpeg
[2021-12-22 17:09:05,350] {subprocess.py:89} INFO - training 1
[2021-12-22 17:09:05,350] {subprocess.py:89} INFO - @@ /home/myamya/project/image_files/images/2261.jpeg
[2021-12-22 17:09:05,817] {subprocess.py:89} INFO - [Error] /home/myamya/project/image_files/images/2261.jpeg: cannot process file : 'y'
[2021-12-22 17:09:05,817] {subprocess.py:89} INFO - @@ /home/myamya/project/image_files/images/2262.jpg
[2021-12-22 17:09:06,502] {subprocess.py:89} INFO - [Info] /home/myamya/project/image_files/images/2262.jpg: Find face from in position [31, 39, 621, 725] and skew angle [0.83626616, 1.2407098, -0.2966359]
[2021-12-22 17:09:06,801] {subprocess.py:89} INFO - [Info]  /home/myamya/project/image_files/images/2262.jpg: Crop face [31, 39, 621, 725] and write it to file : /home/myamya/project/image_files/cropped_image/2262.jpg
[2021-12-22 17:09:06,801] {subprocess.py:89} INFO - training 2
[2021-12-22 17:09:06,802] {subprocess.py:89} INFO - @@ /home/myamya/project/image_files/images/2259.jpeg
[2021-12-22 17:09:07,256] {subprocess.py:89} INFO - [Error] /home/myamya/project/image_files/images/2259.jpeg: cannot process file : 'y'
[2021-12-22 17:09:07,256] {subprocess.py:89} INFO - @@ /home/myamya/project/image_files/images/2260.jpeg
[2021-12-22 17:09:07,639] {subprocess.py:89} INFO - [Error] /home/myamya/project/image_files/images/2260.jpeg: cannot process file : 'y'
[2021-12-22 17:09:07,639] {subprocess.py:89} INFO - ## label 1 has 2 of training data
[2021-12-22 17:09:07,639] {subprocess.py:89} INFO - number of datas per label  [2, 0, 0, 0, 0, 0, 0, 0, 0, 0, 0, 0, 0, 0, 0, 0, 0, 0, 0, 0, 0, 0, 0, 0, 0, 0, 0, 0, 0, 0, 0, 0, 0, 0, 0, 0, 0, 0, 0, 0, 0, 0, 0, 0, 0, 0, 0, 0, 0, 0, 0, 0, 0, 0, 0, 0, 0, 0, 0, 0, 0, 0, 0, 0, 0, 0, 0, 0, 0, 0, 0, 0, 0, 0, 0, 0, 0, 0, 0, 0, 0, 0, 0, 0, 0, 0, 0, 0, 0, 0, 0, 0, 0, 0, 0, 0, 0, 0, 0, 0, 0, 0, 0, 0, 0, 0, 0, 0, 0, 0, 0, 0, 0, 0, 0, 0, 0, 0, 0, 0, 0, 0, 0, 0, 0, 0, 0, 0, 0, 0, 0, 0, 0, 0, 0, 0, 0, 0, 0, 0, 0, 0, 0, 0, 0, 0, 0, 0, 0, 0, 0, 0, 0, 0, 0, 0, 0, 0, 0, 0, 0, 0, 0, 0, 0, 0, 0, 0, 0, 0, 0, 0, 0, 0, 0, 0, 0, 0, 0, 0, 0, 0, 0, 0, 0, 0, 0, 0, 0, 0, 0, 0, 0, 0, 0, 0, 0, 0, 0, 0, 0, 0, 0, 0, 0, 0, 0, 0, 0, 0, 0, 0, 0, 0, 0, 0, 0, 0, 0, 0, 0, 0, 0, 0, 0, 0, 0, 0, 0, 0, 0, 0, 0, 0, 0, 0, 0, 0, 0, 0, 0, 0, 0, 0, 0, 0, 0, 0, 0, 0, 0, 0, 0, 0, 0, 0, 0, 0, 0, 0, 0, 0, 0, 0, 0, 0, 0, 0, 0, 0, 0, 0, 0, 0, 0, 0, 0, 0, 0, 0, 0, 0, 0, 0, 0, 0, 0, 0, 0, 0, 0, 0, 0, 0, 0, 0, 0, 0, 0, 0, 0, 0, 0, 0, 0, 0, 0, 0, 0, 0, 0, 0, 0, 0, 0, 0, 0, 0, 0, 0, 0, 0, 0, 0, 0, 0, 0, 0, 0, 0, 0, 0, 0, 0, 0, 0, 0, 0, 0, 0, 0, 0, 0, 0, 0, 0, 0, 0, 0, 0, 0, 0, 0, 0, 0, 0, 0, 0, 0, 0, 0, 0, 0, 0, 0, 0, 0, 0, 0, 0, 0, 0, 0, 0, 0, 0, 0, 0, 0, 0, 0, 0, 0, 0, 0, 0, 0, 0, 0, 0, 0, 0, 0, 0, 0, 0, 0, 0, 0, 0, 0, 0, 0, 0, 0, 0, 0, 0, 0, 0, 0, 0, 0, 0, 0, 0, 0, 0, 0, 0, 0, 0, 0, 0, 0, 0, 0, 0, 0, 0, 0, 0, 0, 0, 0, 0, 0, 0, 0, 0, 0, 0, 0, 0, 0, 0, 0, 0, 0, 0, 0, 0, 0, 0, 0, 0, 0, 0, 0, 0, 0, 0, 0, 0, 0, 0, 0, 0, 0, 0, 0, 0, 0, 0, 0, 0, 0, 0, 0, 0, 0, 0, 0, 0, 0, 0, 0, 0, 0, 0, 0, 0, 0, 0, 0, 0, 0, 0, 0, 0, 0, 0, 0, 0, 0, 0, 0, 0, 0, 0, 0, 0, 0, 0, 0, 0, 0, 0, 0, 0, 0, 0, 0, 0, 0, 0, 0, 0, 0, 0, 0, 0, 0, 0, 0, 0, 0, 0, 0, 0, 0, 0, 0, 0, 0, 0, 0, 0, 0, 0, 0, 0, 0, 0, 0, 0, 0, 0, 0, 0, 0, 0, 0, 0, 0, 0, 0, 0, 0, 0, 0, 0, 0, 0, 0, 0, 0, 0, 0, 0, 0, 0, 0, 0, 0, 0, 0, 0, 0, 0, 0, 0, 0, 0, 0, 0, 0, 0, 0, 0, 0, 0, 0, 0, 0, 0, 0, 0, 0, 0, 0, 0, 0, 0, 0, 0, 0, 0, 0, 0, 0, 0, 0, 0, 0, 0, 0, 0, 0, 0, 0, 0, 0, 0, 0, 0, 0, 0, 0, 0, 0, 0, 0, 0, 0, 0, 0, 0, 0, 0, 0, 0, 0, 0, 0, 0, 0, 0, 0, 0, 0, 0, 0, 0, 0, 0, 0, 0, 0, 0, 0, 0, 0, 0, 0, 0, 0, 0, 0, 0, 0, 0, 0, 0, 0, 0, 0, 0, 0, 0, 0, 0, 0, 0, 0, 0, 0, 0, 0, 0, 0, 0, 0, 0, 0, 0, 0, 0, 0, 0, 0, 0, 0, 0, 0, 0, 0, 0, 0, 0, 0, 0, 0, 0, 0, 0, 0, 0, 0, 0, 0, 0, 0, 0, 0, 0, 0, 0, 0, 0, 0, 0, 0, 0, 0, 0, 0, 0, 0, 0, 0, 0, 0, 0, 0, 0, 0, 0, 0, 0, 0, 0, 0, 0, 0, 0, 0, 0, 0, 0, 0, 0, 0, 0, 0, 0, 0, 0, 0, 0, 0, 0, 0, 0, 0, 0, 0, 0, 0, 0, 0, 0, 0, 0, 0, 0, 0, 0, 0, 0, 0, 0, 0, 0, 0, 0, 0, 0, 0, 0, 0, 0, 0, 0, 0, 0, 0, 0, 0, 0, 0, 0, 0, 0, 0, 0, 0, 0, 0, 0, 0, 0, 0, 0, 0, 0, 0, 0, 0, 0, 0, 0, 0, 0, 0, 0, 0, 0, 0, 0, 0, 0, 0, 0, 0, 0, 0, 0, 0, 0, 0, 0, 0, 0, 0, 0, 0, 0, 0, 0, 0, 0, 0, 0, 0, 0, 0, 0, 0, 0, 0, 0, 0, 0, 0, 0, 0, 0, 0, 0, 0, 0, 0, 0, 0, 0, 0, 0, 0, 0, 0, 0, 0, 0, 0, 0, 0, 0, 0, 0, 0, 0, 0, 0, 0, 0, 0, 0, 0, 0, 0, 0, 0, 0, 0, 0, 0, 0, 0, 0, 0, 0, 0, 0, 0, 0, 0, 0, 0, 0, 0, 0, 0, 0, 0, 0, 0, 0, 0, 0, 0, 0, 0, 0, 0, 0, 0, 0, 0, 0, 0, 0, 0, 0, 0, 0, 0, 0, 0, 0, 0, 0, 0, 0, 0, 0, 0, 0, 0, 0, 0, 0, 0, 0, 0, 0, 0, 0, 0, 0, 0, 0, 0, 0, 0, 0, 0, 0, 0, 0]
[2021-12-22 17:09:07,882] {subprocess.py:93} INFO - Command exited with return code 0
[2021-12-22 17:09:07,899] {taskinstance.py:1270} INFO - Marking task as SUCCESS. dag_id=data_pipeline1, task_id=face_crop, execution_date=20211220T001000, start_date=20211222T080902, end_date=20211222T080907
[2021-12-22 17:09:07,934] {local_task_job.py:154} INFO - Task exited with return code 0
[2021-12-22 17:09:07,954] {local_task_job.py:264} INFO - 1 downstream tasks scheduled from follow-on schedule check
