[2021-12-22 18:12:27,756] {taskinstance.py:1035} INFO - Dependencies all met for <TaskInstance: data_pipeline1.face_crop scheduled__2021-12-20T00:52:00+00:00 [queued]>
[2021-12-22 18:12:27,760] {taskinstance.py:1035} INFO - Dependencies all met for <TaskInstance: data_pipeline1.face_crop scheduled__2021-12-20T00:52:00+00:00 [queued]>
[2021-12-22 18:12:27,760] {taskinstance.py:1241} INFO - 
--------------------------------------------------------------------------------
[2021-12-22 18:12:27,760] {taskinstance.py:1242} INFO - Starting attempt 2 of 4
[2021-12-22 18:12:27,760] {taskinstance.py:1243} INFO - 
--------------------------------------------------------------------------------
[2021-12-22 18:12:27,769] {taskinstance.py:1262} INFO - Executing <Task(BashOperator): face_crop> on 2021-12-20 00:52:00+00:00
[2021-12-22 18:12:27,770] {standard_task_runner.py:52} INFO - Started process 41540 to run task
[2021-12-22 18:12:27,772] {standard_task_runner.py:76} INFO - Running: ['airflow', 'tasks', 'run', 'data_pipeline1', 'face_crop', 'scheduled__2021-12-20T00:52:00+00:00', '--job-id', '285', '--raw', '--subdir', '/home/myamya/project/dockers/airflow/dags/hello_world.py', '--cfg-path', '/tmp/tmpfimmozmz', '--error-file', '/tmp/tmpoh0fjm_9']
[2021-12-22 18:12:27,772] {standard_task_runner.py:77} INFO - Job 285: Subtask face_crop
[2021-12-22 18:12:27,821] {logging_mixin.py:109} INFO - Running <TaskInstance: data_pipeline1.face_crop scheduled__2021-12-20T00:52:00+00:00 [running]> on host myamya
[2021-12-22 18:12:27,843] {taskinstance.py:1412} INFO - Exporting the following env vars:
AIRFLOW_CTX_DAG_OWNER=yangjae
AIRFLOW_CTX_DAG_ID=data_pipeline1
AIRFLOW_CTX_TASK_ID=face_crop
AIRFLOW_CTX_EXECUTION_DATE=2021-12-20T00:52:00+00:00
AIRFLOW_CTX_DAG_RUN_ID=scheduled__2021-12-20T00:52:00+00:00
[2021-12-22 18:12:27,844] {subprocess.py:62} INFO - Tmp dir root location: 
 /tmp
[2021-12-22 18:12:27,844] {subprocess.py:74} INFO - Running command: ['bash', '-c', 'docker run -it -v /home/myamya/project/image_files/:/home/myamya/project/image_files/ google_api:0.8 /bin/bash init.sh ']
[2021-12-22 18:12:27,848] {subprocess.py:85} INFO - Output:
[2021-12-22 18:12:28,662] {subprocess.py:89} INFO - 0
[2021-12-22 18:12:28,662] {subprocess.py:89} INFO - 2
[2021-12-22 18:12:28,662] {subprocess.py:89} INFO - 3
[2021-12-22 18:12:28,662] {subprocess.py:89} INFO - @@ /home/myamya/project/image_files/images/2270.jpg
[2021-12-22 18:12:29,731] {subprocess.py:89} INFO - [Info] /home/myamya/project/image_files/images/2270.jpg: Find face from in position [31, 39, 621, 725] and skew angle [0.83626616, 1.2407098, -0.2966359]
[2021-12-22 18:12:30,067] {subprocess.py:89} INFO - [Info]  /home/myamya/project/image_files/images/2270.jpg: Crop face [31, 39, 621, 725] and write it to file : /home/myamya/project/image_files/cropped_image/2270.jpg
[2021-12-22 18:12:30,068] {subprocess.py:89} INFO - training 1
[2021-12-22 18:12:30,068] {subprocess.py:89} INFO - @@ /home/myamya/project/image_files/images/2269.jpeg
[2021-12-22 18:12:30,528] {subprocess.py:89} INFO - [Info] /home/myamya/project/image_files/images/2269.jpeg: Find face from in position [11, 0, 200, 194] and skew angle [-2.1107311, -5.6347075, -0.2520895]
[2021-12-22 18:12:30,551] {subprocess.py:89} INFO - [Info]  /home/myamya/project/image_files/images/2269.jpeg: Crop face [11, 0, 200, 194] and write it to file : /home/myamya/project/image_files/cropped_image/2269.jpeg
[2021-12-22 18:12:30,551] {subprocess.py:89} INFO - ## label 1 has 1 of training data
[2021-12-22 18:12:30,551] {subprocess.py:89} INFO - number of datas per label  [1, 0, 0, 0, 0, 0, 0, 0, 0, 0, 0, 0, 0, 0, 0, 0, 0, 0, 0, 0, 0, 0, 0, 0, 0, 0, 0, 0, 0, 0, 0, 0, 0, 0, 0, 0, 0, 0, 0, 0, 0, 0, 0, 0, 0, 0, 0, 0, 0, 0, 0, 0, 0, 0, 0, 0, 0, 0, 0, 0, 0, 0, 0, 0, 0, 0, 0, 0, 0, 0, 0, 0, 0, 0, 0, 0, 0, 0, 0, 0, 0, 0, 0, 0, 0, 0, 0, 0, 0, 0, 0, 0, 0, 0, 0, 0, 0, 0, 0, 0, 0, 0, 0, 0, 0, 0, 0, 0, 0, 0, 0, 0, 0, 0, 0, 0, 0, 0, 0, 0, 0, 0, 0, 0, 0, 0, 0, 0, 0, 0, 0, 0, 0, 0, 0, 0, 0, 0, 0, 0, 0, 0, 0, 0, 0, 0, 0, 0, 0, 0, 0, 0, 0, 0, 0, 0, 0, 0, 0, 0, 0, 0, 0, 0, 0, 0, 0, 0, 0, 0, 0, 0, 0, 0, 0, 0, 0, 0, 0, 0, 0, 0, 0, 0, 0, 0, 0, 0, 0, 0, 0, 0, 0, 0, 0, 0, 0, 0, 0, 0, 0, 0, 0, 0, 0, 0, 0, 0, 0, 0, 0, 0, 0, 0, 0, 0, 0, 0, 0, 0, 0, 0, 0, 0, 0, 0, 0, 0, 0, 0, 0, 0, 0, 0, 0, 0, 0, 0, 0, 0, 0, 0, 0, 0, 0, 0, 0, 0, 0, 0, 0, 0, 0, 0, 0, 0, 0, 0, 0, 0, 0, 0, 0, 0, 0, 0, 0, 0, 0, 0, 0, 0, 0, 0, 0, 0, 0, 0, 0, 0, 0, 0, 0, 0, 0, 0, 0, 0, 0, 0, 0, 0, 0, 0, 0, 0, 0, 0, 0, 0, 0, 0, 0, 0, 0, 0, 0, 0, 0, 0, 0, 0, 0, 0, 0, 0, 0, 0, 0, 0, 0, 0, 0, 0, 0, 0, 0, 0, 0, 0, 0, 0, 0, 0, 0, 0, 0, 0, 0, 0, 0, 0, 0, 0, 0, 0, 0, 0, 0, 0, 0, 0, 0, 0, 0, 0, 0, 0, 0, 0, 0, 0, 0, 0, 0, 0, 0, 0, 0, 0, 0, 0, 0, 0, 0, 0, 0, 0, 0, 0, 0, 0, 0, 0, 0, 0, 0, 0, 0, 0, 0, 0, 0, 0, 0, 0, 0, 0, 0, 0, 0, 0, 0, 0, 0, 0, 0, 0, 0, 0, 0, 0, 0, 0, 0, 0, 0, 0, 0, 0, 0, 0, 0, 0, 0, 0, 0, 0, 0, 0, 0, 0, 0, 0, 0, 0, 0, 0, 0, 0, 0, 0, 0, 0, 0, 0, 0, 0, 0, 0, 0, 0, 0, 0, 0, 0, 0, 0, 0, 0, 0, 0, 0, 0, 0, 0, 0, 0, 0, 0, 0, 0, 0, 0, 0, 0, 0, 0, 0, 0, 0, 0, 0, 0, 0, 0, 0, 0, 0, 0, 0, 0, 0, 0, 0, 0, 0, 0, 0, 0, 0, 0, 0, 0, 0, 0, 0, 0, 0, 0, 0, 0, 0, 0, 0, 0, 0, 0, 0, 0, 0, 0, 0, 0, 0, 0, 0, 0, 0, 0, 0, 0, 0, 0, 0, 0, 0, 0, 0, 0, 0, 0, 0, 0, 0, 0, 0, 0, 0, 0, 0, 0, 0, 0, 0, 0, 0, 0, 0, 0, 0, 0, 0, 0, 0, 0, 0, 0, 0, 0, 0, 0, 0, 0, 0, 0, 0, 0, 0, 0, 0, 0, 0, 0, 0, 0, 0, 0, 0, 0, 0, 0, 0, 0, 0, 0, 0, 0, 0, 0, 0, 0, 0, 0, 0, 0, 0, 0, 0, 0, 0, 0, 0, 0, 0, 0, 0, 0, 0, 0, 0, 0, 0, 0, 0, 0, 0, 0, 0, 0, 0, 0, 0, 0, 0, 0, 0, 0, 0, 0, 0, 0, 0, 0, 0, 0, 0, 0, 0, 0, 0, 0, 0, 0, 0, 0, 0, 0, 0, 0, 0, 0, 0, 0, 0, 0, 0, 0, 0, 0, 0, 0, 0, 0, 0, 0, 0, 0, 0, 0, 0, 0, 0, 0, 0, 0, 0, 0, 0, 0, 0, 0, 0, 0, 0, 0, 0, 0, 0, 0, 0, 0, 0, 0, 0, 0, 0, 0, 0, 0, 0, 0, 0, 0, 0, 0, 0, 0, 0, 0, 0, 0, 0, 0, 0, 0, 0, 0, 0, 0, 0, 0, 0, 0, 0, 0, 0, 0, 0, 0, 0, 0, 0, 0, 0, 0, 0, 0, 0, 0, 0, 0, 0, 0, 0, 0, 0, 0, 0, 0, 0, 0, 0, 0, 0, 0, 0, 0, 0, 0, 0, 0, 0, 0, 0, 0, 0, 0, 0, 0, 0, 0, 0, 0, 0, 0, 0, 0, 0, 0, 0, 0, 0, 0, 0, 0, 0, 0, 0, 0, 0, 0, 0, 0, 0, 0, 0, 0, 0, 0, 0, 0, 0, 0, 0, 0, 0, 0, 0, 0, 0, 0, 0, 0, 0, 0, 0, 0, 0, 0, 0, 0, 0, 0, 0, 0, 0, 0, 0, 0, 0, 0, 0, 0, 0, 0, 0, 0, 0, 0, 0, 0, 0, 0, 0, 0, 0, 0, 0, 0, 0, 0, 0, 0, 0, 0, 0, 0, 0, 0, 0, 0, 0, 0, 0, 0, 0, 0, 0, 0, 0, 0, 0, 0, 0, 0, 0, 0, 0, 0, 0, 0, 0, 0, 0, 0, 0, 0, 0, 0, 0, 0, 0, 0, 0, 0, 0, 0, 0, 0, 0, 0, 0, 0, 0, 0, 0, 0, 0, 0, 0, 0, 0, 0, 0, 0, 0, 0, 0, 0, 0, 0, 0, 0, 0, 0, 0, 0, 0, 0, 0, 0, 0, 0, 0, 0, 0, 0, 0, 0, 0, 0, 0, 0, 0, 0, 0, 0, 0, 0, 0, 0, 0, 0, 0, 0, 0, 0, 0, 0, 0, 0, 0, 0, 0, 0, 0, 0, 0, 0, 0, 0, 0, 0, 0, 0, 0, 0, 0, 0, 0, 0, 0, 0, 0, 0, 0, 0, 0, 0]
[2021-12-22 18:12:30,796] {subprocess.py:93} INFO - Command exited with return code 0
[2021-12-22 18:12:30,813] {taskinstance.py:1270} INFO - Marking task as SUCCESS. dag_id=data_pipeline1, task_id=face_crop, execution_date=20211220T005200, start_date=20211222T091227, end_date=20211222T091230
[2021-12-22 18:12:30,834] {local_task_job.py:154} INFO - Task exited with return code 0
[2021-12-22 18:12:30,850] {local_task_job.py:264} INFO - 1 downstream tasks scheduled from follow-on schedule check
