[2021-12-21 04:30:18,814] {taskinstance.py:1035} INFO - Dependencies all met for <TaskInstance: hello_world.print_hello scheduled__2021-12-18T06:00:00+00:00 [queued]>
[2021-12-21 04:30:18,817] {taskinstance.py:1035} INFO - Dependencies all met for <TaskInstance: hello_world.print_hello scheduled__2021-12-18T06:00:00+00:00 [queued]>
[2021-12-21 04:30:18,817] {taskinstance.py:1241} INFO - 
--------------------------------------------------------------------------------
[2021-12-21 04:30:18,817] {taskinstance.py:1242} INFO - Starting attempt 1 of 4
[2021-12-21 04:30:18,818] {taskinstance.py:1243} INFO - 
--------------------------------------------------------------------------------
[2021-12-21 04:30:18,827] {taskinstance.py:1262} INFO - Executing <Task(BashOperator): print_hello> on 2021-12-18 06:00:00+00:00
[2021-12-21 04:30:18,828] {standard_task_runner.py:52} INFO - Started process 38765 to run task
[2021-12-21 04:30:18,830] {standard_task_runner.py:76} INFO - Running: ['airflow', 'tasks', 'run', 'hello_world', 'print_hello', 'scheduled__2021-12-18T06:00:00+00:00', '--job-id', '8', '--raw', '--subdir', '/home/myamya/project/dockers/airflow/dags/hello_world.py', '--cfg-path', '/tmp/tmptkeucokk', '--error-file', '/tmp/tmppmszy9bg']
[2021-12-21 04:30:18,830] {standard_task_runner.py:77} INFO - Job 8: Subtask print_hello
[2021-12-21 04:30:18,848] {logging_mixin.py:109} INFO - Running <TaskInstance: hello_world.print_hello scheduled__2021-12-18T06:00:00+00:00 [running]> on host myamya
[2021-12-21 04:30:18,869] {taskinstance.py:1412} INFO - Exporting the following env vars:
AIRFLOW_CTX_DAG_OWNER=heumsi
AIRFLOW_CTX_DAG_ID=hello_world
AIRFLOW_CTX_TASK_ID=print_hello
AIRFLOW_CTX_EXECUTION_DATE=2021-12-18T06:00:00+00:00
AIRFLOW_CTX_DAG_RUN_ID=scheduled__2021-12-18T06:00:00+00:00
[2021-12-21 04:30:18,869] {subprocess.py:62} INFO - Tmp dir root location: 
 /tmp
[2021-12-21 04:30:18,870] {subprocess.py:74} INFO - Running command: ['bash', '-c', 'echo Hello']
[2021-12-21 04:30:18,873] {subprocess.py:85} INFO - Output:
[2021-12-21 04:30:18,873] {subprocess.py:89} INFO - Hello
[2021-12-21 04:30:18,874] {subprocess.py:93} INFO - Command exited with return code 0
[2021-12-21 04:30:18,885] {taskinstance.py:1270} INFO - Marking task as SUCCESS. dag_id=hello_world, task_id=print_hello, execution_date=20211218T060000, start_date=20211220T193018, end_date=20211220T193018
[2021-12-21 04:30:18,922] {local_task_job.py:154} INFO - Task exited with return code 0
[2021-12-21 04:30:18,962] {local_task_job.py:264} INFO - 1 downstream tasks scheduled from follow-on schedule check
