[2021-12-21 22:22:33,183] {taskinstance.py:1035} INFO - Dependencies all met for <TaskInstance: data_pipeline.face_crop scheduled__2021-12-19T00:03:00+00:00 [queued]>
[2021-12-21 22:22:33,187] {taskinstance.py:1035} INFO - Dependencies all met for <TaskInstance: data_pipeline.face_crop scheduled__2021-12-19T00:03:00+00:00 [queued]>
[2021-12-21 22:22:33,187] {taskinstance.py:1241} INFO - 
--------------------------------------------------------------------------------
[2021-12-21 22:22:33,187] {taskinstance.py:1242} INFO - Starting attempt 4 of 4
[2021-12-21 22:22:33,187] {taskinstance.py:1243} INFO - 
--------------------------------------------------------------------------------
[2021-12-21 22:22:33,195] {taskinstance.py:1262} INFO - Executing <Task(BashOperator): face_crop> on 2021-12-19 00:03:00+00:00
[2021-12-21 22:22:33,197] {standard_task_runner.py:52} INFO - Started process 95287 to run task
[2021-12-21 22:22:33,199] {standard_task_runner.py:76} INFO - Running: ['airflow', 'tasks', 'run', 'data_pipeline', 'face_crop', 'scheduled__2021-12-19T00:03:00+00:00', '--job-id', '69', '--raw', '--subdir', '/home/myamya/project/dockers/airflow/dags/hello_world.py', '--cfg-path', '/tmp/tmpt9_e42jc', '--error-file', '/tmp/tmpwnsizwfr']
[2021-12-21 22:22:33,199] {standard_task_runner.py:77} INFO - Job 69: Subtask face_crop
[2021-12-21 22:22:33,216] {logging_mixin.py:109} INFO - Running <TaskInstance: data_pipeline.face_crop scheduled__2021-12-19T00:03:00+00:00 [running]> on host myamya
[2021-12-21 22:22:33,232] {taskinstance.py:1412} INFO - Exporting the following env vars:
AIRFLOW_CTX_DAG_OWNER=yangjae
AIRFLOW_CTX_DAG_ID=data_pipeline
AIRFLOW_CTX_TASK_ID=face_crop
AIRFLOW_CTX_EXECUTION_DATE=2021-12-19T00:03:00+00:00
AIRFLOW_CTX_DAG_RUN_ID=scheduled__2021-12-19T00:03:00+00:00
[2021-12-21 22:22:33,233] {subprocess.py:62} INFO - Tmp dir root location: 
 /tmp
[2021-12-21 22:22:33,233] {subprocess.py:74} INFO - Running command: ['bash', '-c', 'docker run -it -v /home/myamya/project/image_files/:/home/myamya/project/image_files/ google_api:0.8 /bin/bash init.sh ']
[2021-12-21 22:22:33,237] {subprocess.py:85} INFO - Output:
[2021-12-21 22:22:33,983] {subprocess.py:89} INFO - 0
[2021-12-21 22:22:33,984] {subprocess.py:89} INFO - 2
[2021-12-21 22:22:33,984] {subprocess.py:89} INFO - 3
[2021-12-21 22:22:33,984] {subprocess.py:89} INFO - @@ /home/myamya/project/image_files/images/5.jpeg
[2021-12-21 22:22:34,738] {subprocess.py:89} INFO - [Info] /home/myamya/project/image_files/images/5.jpeg: Find face from in position [36, 29, 153, 166] and skew angle [0.54361933, 0.06943509, -1.6302923]
[2021-12-21 22:22:34,766] {subprocess.py:89} INFO - [Info]  /home/myamya/project/image_files/images/5.jpeg: Crop face [36, 29, 153, 166] and write it to file : /home/myamya/project/image_files/cropped_image/5.jpeg
[2021-12-21 22:22:34,766] {subprocess.py:89} INFO - training 1
[2021-12-21 22:22:34,766] {subprocess.py:89} INFO - @@ /home/myamya/project/image_files/images/2248.jpg
[2021-12-21 22:22:35,268] {subprocess.py:89} INFO - [Error] /home/myamya/project/image_files/images/2248.jpg: cannot process file : 'y'
[2021-12-21 22:22:35,268] {subprocess.py:89} INFO - @@ /home/myamya/project/image_files/images/2.jpg
[2021-12-21 22:22:35,726] {subprocess.py:89} INFO - [Error] /home/myamya/project/image_files/images/2.jpg: cannot process file : 'y'
[2021-12-21 22:22:35,726] {subprocess.py:89} INFO - @@ /home/myamya/project/image_files/images/2247.jpg
[2021-12-21 22:22:36,171] {subprocess.py:89} INFO - [Error] /home/myamya/project/image_files/images/2247.jpg: cannot process file : 'y'
[2021-12-21 22:22:36,171] {subprocess.py:89} INFO - @@ /home/myamya/project/image_files/images/4.jpeg
[2021-12-21 22:22:36,748] {subprocess.py:89} INFO - [Info] /home/myamya/project/image_files/images/4.jpeg: Find face from in position [142, 34, 496, 446] and skew angle [1.2299427, 1.4541144, -8.644277]
[2021-12-21 22:22:36,911] {subprocess.py:89} INFO - [Info]  /home/myamya/project/image_files/images/4.jpeg: Crop face [142, 34, 496, 446] and write it to file : /home/myamya/project/image_files/cropped_image/4.jpeg
[2021-12-21 22:22:36,912] {subprocess.py:89} INFO - training 2
[2021-12-21 22:22:36,912] {subprocess.py:89} INFO - @@ /home/myamya/project/image_files/images/1.jpeg
[2021-12-21 22:22:37,591] {subprocess.py:89} INFO - [Info] /home/myamya/project/image_files/images/1.jpeg: Find face from in position [133, 48, 844, 875] and skew angle [-0.20883362, 0.14810006, -3.5433183]
[2021-12-21 22:22:37,923] {subprocess.py:89} INFO - [Info]  /home/myamya/project/image_files/images/1.jpeg: Crop face [133, 48, 844, 875] and write it to file : /home/myamya/project/image_files/cropped_image/1.jpeg
[2021-12-21 22:22:37,924] {subprocess.py:89} INFO - training 3
[2021-12-21 22:22:37,924] {subprocess.py:89} INFO - @@ /home/myamya/project/image_files/images/2255.jpg
[2021-12-21 22:22:38,449] {subprocess.py:89} INFO - [Error] /home/myamya/project/image_files/images/2255.jpg: cannot process file : 'y'
[2021-12-21 22:22:38,449] {subprocess.py:89} INFO - @@ /home/myamya/project/image_files/images/2251.jpg
[2021-12-21 22:22:38,892] {subprocess.py:89} INFO - [Error] /home/myamya/project/image_files/images/2251.jpg: cannot process file : 'y'
[2021-12-21 22:22:38,892] {subprocess.py:89} INFO - @@ /home/myamya/project/image_files/images/3.jpg
[2021-12-21 22:22:39,528] {subprocess.py:89} INFO - [Error] /home/myamya/project/image_files/images/3.jpg: cannot process file : 'y'
[2021-12-21 22:22:39,529] {subprocess.py:89} INFO - @@ /home/myamya/project/image_files/images/2256.jpg
[2021-12-21 22:22:39,908] {subprocess.py:89} INFO - [Error] /home/myamya/project/image_files/images/2256.jpg: cannot process file : 'y'
[2021-12-21 22:22:39,908] {subprocess.py:89} INFO - @@ /home/myamya/project/image_files/images/6.jpg
[2021-12-21 22:22:40,457] {subprocess.py:89} INFO - [Info] /home/myamya/project/image_files/images/6.jpg: Find face from in position [171, 19, 364, 244] and skew angle [0.48682502, 0.76570255, -7.8090253]
[2021-12-21 22:22:40,612] {subprocess.py:89} INFO - [Info]  /home/myamya/project/image_files/images/6.jpg: Crop face [171, 19, 364, 244] and write it to file : /home/myamya/project/image_files/cropped_image/6.jpg
[2021-12-21 22:22:40,612] {subprocess.py:89} INFO - training 4
[2021-12-21 22:22:40,613] {subprocess.py:89} INFO - @@ /home/myamya/project/image_files/images/2249.jpg
[2021-12-21 22:22:41,062] {subprocess.py:89} INFO - [Error] /home/myamya/project/image_files/images/2249.jpg: cannot process file : 'y'
[2021-12-21 22:22:41,062] {subprocess.py:89} INFO - @@ /home/myamya/project/image_files/images/2245.jpg
[2021-12-21 22:22:41,505] {subprocess.py:89} INFO - [Error] /home/myamya/project/image_files/images/2245.jpg: cannot process file : 'y'
[2021-12-21 22:22:41,505] {subprocess.py:89} INFO - @@ /home/myamya/project/image_files/images/2253.jpg
[2021-12-21 22:22:42,034] {subprocess.py:89} INFO - [Error] /home/myamya/project/image_files/images/2253.jpg: cannot process file : 'y'
[2021-12-21 22:22:42,034] {subprocess.py:89} INFO - @@ /home/myamya/project/image_files/images/2254.jpg
[2021-12-21 22:22:42,514] {subprocess.py:89} INFO - [Error] /home/myamya/project/image_files/images/2254.jpg: cannot process file : 'y'
[2021-12-21 22:22:42,514] {subprocess.py:89} INFO - @@ /home/myamya/project/image_files/images/2252.jpg
[2021-12-21 22:22:42,990] {subprocess.py:89} INFO - [Error] /home/myamya/project/image_files/images/2252.jpg: cannot process file : 'y'
[2021-12-21 22:22:42,990] {subprocess.py:89} INFO - @@ /home/myamya/project/image_files/images/2250.jpg
[2021-12-21 22:22:43,466] {subprocess.py:89} INFO - [Error] /home/myamya/project/image_files/images/2250.jpg: cannot process file : 'y'
[2021-12-21 22:22:43,466] {subprocess.py:89} INFO - @@ /home/myamya/project/image_files/images/1.jpg
[2021-12-21 22:22:43,940] {subprocess.py:89} INFO - [Error] /home/myamya/project/image_files/images/1.jpg: cannot process file : 'y'
[2021-12-21 22:22:43,940] {subprocess.py:89} INFO - @@ /home/myamya/project/image_files/images/2246.jpg
[2021-12-21 22:22:44,484] {subprocess.py:89} INFO - [Error] /home/myamya/project/image_files/images/2246.jpg: cannot process file : 'y'
[2021-12-21 22:22:44,484] {subprocess.py:89} INFO - ## label 1 has 4 of training data
[2021-12-21 22:22:44,484] {subprocess.py:89} INFO - number of datas per label  [4, 0, 0, 0, 0, 0, 0, 0, 0, 0, 0, 0, 0, 0, 0, 0, 0, 0, 0, 0, 0, 0, 0, 0, 0, 0, 0, 0, 0, 0, 0, 0, 0, 0, 0, 0, 0, 0, 0, 0, 0, 0, 0, 0, 0, 0, 0, 0, 0, 0, 0, 0, 0, 0, 0, 0, 0, 0, 0, 0, 0, 0, 0, 0, 0, 0, 0, 0, 0, 0, 0, 0, 0, 0, 0, 0, 0, 0, 0, 0, 0, 0, 0, 0, 0, 0, 0, 0, 0, 0, 0, 0, 0, 0, 0, 0, 0, 0, 0, 0, 0, 0, 0, 0, 0, 0, 0, 0, 0, 0, 0, 0, 0, 0, 0, 0, 0, 0, 0, 0, 0, 0, 0, 0, 0, 0, 0, 0, 0, 0, 0, 0, 0, 0, 0, 0, 0, 0, 0, 0, 0, 0, 0, 0, 0, 0, 0, 0, 0, 0, 0, 0, 0, 0, 0, 0, 0, 0, 0, 0, 0, 0, 0, 0, 0, 0, 0, 0, 0, 0, 0, 0, 0, 0, 0, 0, 0, 0, 0, 0, 0, 0, 0, 0, 0, 0, 0, 0, 0, 0, 0, 0, 0, 0, 0, 0, 0, 0, 0, 0, 0, 0, 0, 0, 0, 0, 0, 0, 0, 0, 0, 0, 0, 0, 0, 0, 0, 0, 0, 0, 0, 0, 0, 0, 0, 0, 0, 0, 0, 0, 0, 0, 0, 0, 0, 0, 0, 0, 0, 0, 0, 0, 0, 0, 0, 0, 0, 0, 0, 0, 0, 0, 0, 0, 0, 0, 0, 0, 0, 0, 0, 0, 0, 0, 0, 0, 0, 0, 0, 0, 0, 0, 0, 0, 0, 0, 0, 0, 0, 0, 0, 0, 0, 0, 0, 0, 0, 0, 0, 0, 0, 0, 0, 0, 0, 0, 0, 0, 0, 0, 0, 0, 0, 0, 0, 0, 0, 0, 0, 0, 0, 0, 0, 0, 0, 0, 0, 0, 0, 0, 0, 0, 0, 0, 0, 0, 0, 0, 0, 0, 0, 0, 0, 0, 0, 0, 0, 0, 0, 0, 0, 0, 0, 0, 0, 0, 0, 0, 0, 0, 0, 0, 0, 0, 0, 0, 0, 0, 0, 0, 0, 0, 0, 0, 0, 0, 0, 0, 0, 0, 0, 0, 0, 0, 0, 0, 0, 0, 0, 0, 0, 0, 0, 0, 0, 0, 0, 0, 0, 0, 0, 0, 0, 0, 0, 0, 0, 0, 0, 0, 0, 0, 0, 0, 0, 0, 0, 0, 0, 0, 0, 0, 0, 0, 0, 0, 0, 0, 0, 0, 0, 0, 0, 0, 0, 0, 0, 0, 0, 0, 0, 0, 0, 0, 0, 0, 0, 0, 0, 0, 0, 0, 0, 0, 0, 0, 0, 0, 0, 0, 0, 0, 0, 0, 0, 0, 0, 0, 0, 0, 0, 0, 0, 0, 0, 0, 0, 0, 0, 0, 0, 0, 0, 0, 0, 0, 0, 0, 0, 0, 0, 0, 0, 0, 0, 0, 0, 0, 0, 0, 0, 0, 0, 0, 0, 0, 0, 0, 0, 0, 0, 0, 0, 0, 0, 0, 0, 0, 0, 0, 0, 0, 0, 0, 0, 0, 0, 0, 0, 0, 0, 0, 0, 0, 0, 0, 0, 0, 0, 0, 0, 0, 0, 0, 0, 0, 0, 0, 0, 0, 0, 0, 0, 0, 0, 0, 0, 0, 0, 0, 0, 0, 0, 0, 0, 0, 0, 0, 0, 0, 0, 0, 0, 0, 0, 0, 0, 0, 0, 0, 0, 0, 0, 0, 0, 0, 0, 0, 0, 0, 0, 0, 0, 0, 0, 0, 0, 0, 0, 0, 0, 0, 0, 0, 0, 0, 0, 0, 0, 0, 0, 0, 0, 0, 0, 0, 0, 0, 0, 0, 0, 0, 0, 0, 0, 0, 0, 0, 0, 0, 0, 0, 0, 0, 0, 0, 0, 0, 0, 0, 0, 0, 0, 0, 0, 0, 0, 0, 0, 0, 0, 0, 0, 0, 0, 0, 0, 0, 0, 0, 0, 0, 0, 0, 0, 0, 0, 0, 0, 0, 0, 0, 0, 0, 0, 0, 0, 0, 0, 0, 0, 0, 0, 0, 0, 0, 0, 0, 0, 0, 0, 0, 0, 0, 0, 0, 0, 0, 0, 0, 0, 0, 0, 0, 0, 0, 0, 0, 0, 0, 0, 0, 0, 0, 0, 0, 0, 0, 0, 0, 0, 0, 0, 0, 0, 0, 0, 0, 0, 0, 0, 0, 0, 0, 0, 0, 0, 0, 0, 0, 0, 0, 0, 0, 0, 0, 0, 0, 0, 0, 0, 0, 0, 0, 0, 0, 0, 0, 0, 0, 0, 0, 0, 0, 0, 0, 0, 0, 0, 0, 0, 0, 0, 0, 0, 0, 0, 0, 0, 0, 0, 0, 0, 0, 0, 0, 0, 0, 0, 0, 0, 0, 0, 0, 0, 0, 0, 0, 0, 0, 0, 0, 0, 0, 0, 0, 0, 0, 0, 0, 0, 0, 0, 0, 0, 0, 0, 0, 0, 0, 0, 0, 0, 0, 0, 0, 0, 0, 0, 0, 0, 0, 0, 0, 0, 0, 0, 0, 0, 0, 0, 0, 0, 0, 0, 0, 0, 0, 0, 0, 0, 0, 0, 0, 0, 0, 0, 0, 0, 0, 0, 0, 0, 0, 0, 0, 0, 0, 0, 0, 0, 0, 0, 0, 0, 0, 0, 0, 0, 0, 0, 0, 0, 0, 0, 0, 0, 0, 0, 0, 0, 0, 0, 0, 0, 0, 0, 0, 0, 0, 0, 0, 0, 0, 0, 0, 0, 0, 0, 0, 0, 0, 0, 0, 0, 0, 0, 0, 0, 0, 0, 0, 0, 0, 0, 0, 0, 0, 0, 0, 0, 0, 0, 0, 0, 0, 0, 0, 0, 0, 0, 0, 0, 0, 0, 0, 0, 0, 0, 0, 0, 0, 0, 0, 0, 0, 0, 0, 0, 0, 0, 0, 0, 0, 0, 0, 0, 0, 0, 0, 0, 0, 0, 0, 0, 0, 0, 0, 0, 0, 0, 0, 0, 0, 0, 0, 0, 0, 0, 0, 0, 0, 0, 0, 0, 0, 0, 0, 0, 0, 0, 0, 0, 0, 0, 0, 0, 0, 0, 0]
[2021-12-21 22:22:44,720] {subprocess.py:93} INFO - Command exited with return code 0
[2021-12-21 22:22:44,735] {taskinstance.py:1270} INFO - Marking task as SUCCESS. dag_id=data_pipeline, task_id=face_crop, execution_date=20211219T000300, start_date=20211221T132233, end_date=20211221T132244
[2021-12-21 22:22:44,762] {local_task_job.py:154} INFO - Task exited with return code 0
[2021-12-21 22:22:44,780] {local_task_job.py:264} INFO - 1 downstream tasks scheduled from follow-on schedule check
