[2021-12-21 15:00:04,056] {taskinstance.py:1035} INFO - Dependencies all met for <TaskInstance: hello_world.print_world scheduled__2021-12-20T06:00:00+00:00 [queued]>
[2021-12-21 15:00:04,062] {taskinstance.py:1035} INFO - Dependencies all met for <TaskInstance: hello_world.print_world scheduled__2021-12-20T06:00:00+00:00 [queued]>
[2021-12-21 15:00:04,062] {taskinstance.py:1241} INFO - 
--------------------------------------------------------------------------------
[2021-12-21 15:00:04,063] {taskinstance.py:1242} INFO - Starting attempt 1 of 4
[2021-12-21 15:00:04,063] {taskinstance.py:1243} INFO - 
--------------------------------------------------------------------------------
[2021-12-21 15:00:04,071] {taskinstance.py:1262} INFO - Executing <Task(PythonOperator): print_world> on 2021-12-20 06:00:00+00:00
[2021-12-21 15:00:04,073] {standard_task_runner.py:52} INFO - Started process 81665 to run task
[2021-12-21 15:00:04,074] {standard_task_runner.py:76} INFO - Running: ['airflow', 'tasks', 'run', 'hello_world', 'print_world', 'scheduled__2021-12-20T06:00:00+00:00', '--job-id', '13', '--raw', '--subdir', '/home/myamya/project/dockers/airflow/dags/hello_world.py', '--cfg-path', '/tmp/tmp4043illb', '--error-file', '/tmp/tmpcnrvqc2p']
[2021-12-21 15:00:04,075] {standard_task_runner.py:77} INFO - Job 13: Subtask print_world
[2021-12-21 15:00:04,098] {logging_mixin.py:109} INFO - Running <TaskInstance: hello_world.print_world scheduled__2021-12-20T06:00:00+00:00 [running]> on host myamya
[2021-12-21 15:00:04,119] {taskinstance.py:1412} INFO - Exporting the following env vars:
AIRFLOW_CTX_DAG_OWNER=heumsi
AIRFLOW_CTX_DAG_ID=hello_world
AIRFLOW_CTX_TASK_ID=print_world
AIRFLOW_CTX_EXECUTION_DATE=2021-12-20T06:00:00+00:00
AIRFLOW_CTX_DAG_RUN_ID=scheduled__2021-12-20T06:00:00+00:00
[2021-12-21 15:00:04,119] {logging_mixin.py:109} INFO - world
[2021-12-21 15:00:04,119] {python.py:152} INFO - Done. Returned value was: None
[2021-12-21 15:00:04,122] {taskinstance.py:1270} INFO - Marking task as SUCCESS. dag_id=hello_world, task_id=print_world, execution_date=20211220T060000, start_date=20211221T060004, end_date=20211221T060004
[2021-12-21 15:00:04,167] {local_task_job.py:154} INFO - Task exited with return code 0
[2021-12-21 15:00:04,202] {local_task_job.py:264} INFO - 0 downstream tasks scheduled from follow-on schedule check
